<?xml version="1.0" encoding="utf-8"?><testsuites><testsuite name="pytest" errors="0" failures="1" skipped="9" tests="3260" time="24.422" timestamp="2025-11-04T14:13:20.242084" hostname="MacBook-Air-2.local"><testcase classname="src.finchlite.__init__" name="mypy" time="2.079" /><testcase classname="src.finchlite.__init__" name="mypy-status" time="0.001" /><testcase classname="src.finchlite.algebra.__init__" name="mypy" time="0.001" /><testcase classname="src.finchlite.algebra.algebra" name="mypy" time="0.001" /><testcase classname="src.finchlite.algebra.operator" name="mypy" time="0.001" /><testcase classname="src.finchlite.algebra.tensor" name="mypy" time="0.001" /><testcase classname="src.finchlite.autoschedule.__init__" name="mypy" time="0.001" /><testcase classname="src.finchlite.autoschedule._utils" name="mypy" time="0.001" /><testcase classname="src.finchlite.autoschedule.compiler" name="mypy" time="0.001" /><testcase classname="src.finchlite.autoschedule.einsum" name="mypy" time="0.001" /><testcase classname="src.finchlite.autoschedule.executor" name="mypy" time="0.001" /><testcase classname="src.finchlite.autoschedule.optimize" name="mypy" time="0.001" /><testcase classname="src.finchlite.codegen.__init__" name="mypy" time="0.001" /><testcase classname="src.finchlite.codegen.c" name="mypy" time="0.001" /><testcase classname="src.finchlite.codegen.malloc_buffer" name="mypy" time="0.001" /><testcase classname="src.finchlite.codegen.numba_backend" name="mypy" time="0.001" /><testcase classname="src.finchlite.codegen.numpy_buffer" name="mypy" time="0.001" /><testcase classname="src.finchlite.codegen.safe_buffer" name="mypy" time="0.001" /><testcase classname="src.finchlite.compile.__init__" name="mypy" time="0.001" /><testcase classname="src.finchlite.compile.bufferized_ndarray" name="mypy" time="0.001" /><testcase classname="src.finchlite.compile.looplets" name="mypy" time="0.001" /><testcase classname="src.finchlite.compile.lower" name="mypy" time="0.001" /><testcase classname="src.finchlite.finch_assembly.__init__" name="mypy" time="0.001" /><testcase classname="src.finchlite.finch_assembly.buffer" name="mypy" time="0.001" /><testcase classname="src.finchlite.finch_assembly.cfg_builder" name="mypy" time="0.001" /><testcase classname="src.finchlite.finch_assembly.interpreter" name="mypy" time="0.001" /><testcase classname="src.finchlite.finch_assembly.nodes" name="mypy" time="0.001" /><testcase classname="src.finchlite.finch_assembly.struct" name="mypy" time="0.001" /><testcase classname="src.finchlite.finch_assembly.type_checker" name="mypy" time="0.001" /><testcase classname="src.finchlite.finch_einsum.__init__" name="mypy" time="0.002" /><testcase classname="src.finchlite.finch_einsum.interpreter" name="mypy" time="0.001" /><testcase classname="src.finchlite.finch_einsum.nodes" name="mypy" time="0.001" /><testcase classname="src.finchlite.finch_einsum.parser" name="mypy" time="0.001" /><testcase classname="src.finchlite.finch_logic.__init__" name="mypy" time="0.001" /><testcase classname="src.finchlite.finch_logic.interpreter" name="mypy" time="0.001" /><testcase classname="src.finchlite.finch_logic.nodes" name="mypy" time="0.001" /><testcase classname="src.finchlite.finch_notation.__init__" name="mypy" time="0.001" /><testcase classname="src.finchlite.finch_notation.interpreter" name="mypy" time="0.001" /><testcase classname="src.finchlite.finch_notation.nodes" name="mypy" time="0.001" /><testcase classname="src.finchlite.galley.__init__" name="mypy" time="0.001" /><testcase classname="src.finchlite.galley.LogicalOptimizer.__init__" name="mypy" time="0.001" /><testcase classname="src.finchlite.galley.LogicalOptimizer.annotated_query" name="mypy" time="0.001" /><testcase classname="src.finchlite.galley.LogicalOptimizer.logic_to_stats" name="mypy" time="0.001" /><testcase classname="src.finchlite.galley.TensorStats.__init__" name="mypy" time="0.001" /><testcase classname="src.finchlite.galley.TensorStats.dc_stats" name="mypy" time="0.001" /><testcase classname="src.finchlite.galley.TensorStats.dense_stat" name="mypy" time="0.001" /><testcase classname="src.finchlite.galley.TensorStats.tensor_def" name="mypy" time="0.001" /><testcase classname="src.finchlite.galley.TensorStats.tensor_stats" name="mypy" time="0.001" /><testcase classname="src.finchlite.interface.__init__" name="mypy" time="0.001" /><testcase classname="src.finchlite.interface.eager" name="mypy" time="0.001" /><testcase classname="src.finchlite.interface.fuse" name="mypy" time="0.001" /><testcase classname="src.finchlite.interface.lazy" name="mypy" time="0.001" /><testcase classname="src.finchlite.interface.overrides" name="mypy" time="0.001" /><testcase classname="src.finchlite.interface.scalar" name="mypy" time="0.001" /><testcase classname="src.finchlite.symbolic.__init__" name="mypy" time="0.001" /><testcase classname="src.finchlite.symbolic.dataflow" name="mypy" time="0.001" /><testcase classname="src.finchlite.symbolic.environment" name="mypy" time="0.001" /><testcase classname="src.finchlite.symbolic.ftype" name="mypy" time="0.001" /><testcase classname="src.finchlite.symbolic.gensym" name="mypy" time="0.001" /><testcase classname="src.finchlite.symbolic.rewriters" name="mypy" time="0.001" /><testcase classname="src.finchlite.symbolic.term" name="mypy" time="0.001" /><testcase classname="src.finchlite.tensor.__init__" name="mypy" time="0.001" /><testcase classname="src.finchlite.tensor.fiber_tensor" name="mypy" time="0.001" /><testcase classname="src.finchlite.tensor.level.__init__" name="mypy" time="0.001" /><testcase classname="src.finchlite.tensor.level.dense_level" name="mypy" time="0.001" /><testcase classname="src.finchlite.tensor.level.element_level" name="mypy" time="0.001" /><testcase classname="src.finchlite.util.__init__" name="mypy" time="0.001" /><testcase classname="src.finchlite.util.cache" name="mypy" time="0.001" /><testcase classname="src.finchlite.util.config" name="mypy" time="0.001" /><testcase classname="src.finchlite.util.print" name="mypy" time="0.001" /><testcase classname="tests.__init__" name="mypy" time="0.001" /><testcase classname="tests.conftest" name="mypy" time="0.001" /><testcase classname="tests.test_algebra" name="mypy" time="0.001" /><testcase classname="tests.test_algebra" name="test_algebra_selected" time="0.001" /><testcase classname="tests.test_assembly_interpreter" name="mypy" time="0.001" /><testcase classname="tests.test_assembly_interpreter" name="test_dot_product[a0-b0]" time="0.001" /><testcase classname="tests.test_assembly_interpreter" name="test_dot_product[a1-b1]" time="0.000" /><testcase classname="tests.test_assembly_interpreter" name="test_dot_product[a2-b2]" time="0.001" /><testcase classname="tests.test_assembly_interpreter" name="test_if_statement" time="0.001" /><testcase classname="tests.test_assembly_interpreter" name="test_simple_struct" time="0.000" /><testcase classname="tests.test_assembly_interpreter" name="test_asm_print" time="0.003" /><testcase classname="tests.test_assembly_type_checker" name="mypy" time="0.001" /><testcase classname="tests.test_assembly_type_checker" name="test_lit_basic" time="0.000" /><testcase classname="tests.test_assembly_type_checker" name="test_var_basic" time="0.000" /><testcase classname="tests.test_assembly_type_checker" name="test_slot_basic" time="0.000" /><testcase classname="tests.test_assembly_type_checker" name="test_getattr_basic" time="0.000" /><testcase classname="tests.test_assembly_type_checker" name="test_call_basic" time="0.000" /><testcase classname="tests.test_assembly_type_checker" name="test_load_basic" time="0.000" /><testcase classname="tests.test_assembly_type_checker" name="test_length_basic" time="0.000" /><testcase classname="tests.test_assembly_type_checker" name="test_unpack_basic" time="0.000" /><testcase classname="tests.test_assembly_type_checker" name="test_repack_basic" time="0.000" /><testcase classname="tests.test_assembly_type_checker" name="test_assign_basic" time="0.000" /><testcase classname="tests.test_assembly_type_checker" name="test_setattr_basic" time="0.000" /><testcase classname="tests.test_assembly_type_checker" name="test_store_basic" time="0.000" /><testcase classname="tests.test_assembly_type_checker" name="test_resize_basic" time="0.000" /><testcase classname="tests.test_assembly_type_checker" name="test_forloop_basic" time="0.000" /><testcase classname="tests.test_assembly_type_checker" name="test_bufferloop_basic" time="0.000" /><testcase classname="tests.test_assembly_type_checker" name="test_whileloop_basic" time="0.000" /><testcase classname="tests.test_assembly_type_checker" name="test_if_basic" time="0.000" /><testcase classname="tests.test_assembly_type_checker" name="test_ifelse_basic" time="0.000" /><testcase classname="tests.test_assembly_type_checker" name="test_function_basic" time="0.000" /><testcase classname="tests.test_assembly_type_checker" name="test_return_basic" time="0.000" /><testcase classname="tests.test_assembly_type_checker" name="test_dot_product[a0-b0]" time="0.000" /><testcase classname="tests.test_assembly_type_checker" name="test_dot_product[a1-b1]" time="0.000" /><testcase classname="tests.test_assembly_type_checker" name="test_dot_product[a2-b2]" time="0.000" /><testcase classname="tests.test_assembly_type_checker" name="test_if_statement" time="0.000" /><testcase classname="tests.test_assembly_type_checker" name="test_simple_struct" time="0.000" /><testcase classname="tests.test_codegen" name="mypy" time="0.001" /><testcase classname="tests.test_codegen" name="test_add_function" time="0.009" /><testcase classname="tests.test_codegen" name="test_buffer_function" time="0.010" /><testcase classname="tests.test_codegen" name="test_codegen[compiler0-NumpyBuffer]" time="0.011" /><testcase classname="tests.test_codegen" name="test_codegen[compiler1-NumpyBuffer]" time="1.513" /><testcase classname="tests.test_codegen" name="test_dot_product_malloc[compiler0-MallocBuffer]" time="0.013" /><testcase classname="tests.test_codegen" name="test_dot_product_malloc[compiler1-MallocBuffer]" time="0.001" /><testcase classname="tests.test_codegen" name="test_malloc_resize[1]" time="0.009" /><testcase classname="tests.test_codegen" name="test_malloc_resize[5]" time="0.010" /><testcase classname="tests.test_codegen" name="test_malloc_resize[10]" time="0.008" /><testcase classname="tests.test_codegen" name="test_dot_product[compiler0-NumpyBuffer]" time="0.011" /><testcase classname="tests.test_codegen" name="test_dot_product[compiler1-NumpyBuffer]" time="0.050" /><testcase classname="tests.test_codegen" name="test_dot_product[compiler2-NumpyBuffer]" time="0.001" /><testcase classname="tests.test_codegen" name="test_dot_product_regression_malloc[compiler0-.c-MallocBuffer]" time="0.002" /><testcase classname="tests.test_codegen" name="test_dot_product_regression[compiler0-.c-NumpyBuffer]" time="0.001" /><testcase classname="tests.test_codegen" name="test_dot_product_regression[compiler1-.py-NumpyBuffer]" time="0.001" /><testcase classname="tests.test_codegen" name="test_if_statement[compiler0]" time="0.010" /><testcase classname="tests.test_codegen" name="test_if_statement[compiler1]" time="0.026" /><testcase classname="tests.test_codegen" name="test_if_statement[compiler2]" time="0.001" /><testcase classname="tests.test_codegen" name="test_simple_struct[compiler0]" time="0.010" /><testcase classname="tests.test_codegen" name="test_simple_struct[compiler1]" time="0.174" /><testcase classname="tests.test_codegen" name="test_safe_loadstore_regression[compiler0-.c-any]" time="0.001" /><testcase classname="tests.test_codegen" name="test_safe_loadstore_regression[compiler1-.py-any]" time="0.001" /><testcase classname="tests.test_codegen" name="test_c_load_safebuffer[1--1]" time="0.560" /><testcase classname="tests.test_codegen" name="test_c_load_safebuffer[1-0]" time="0.575" /><testcase classname="tests.test_codegen" name="test_c_load_safebuffer[1-1]" time="0.543" /><testcase classname="tests.test_codegen" name="test_c_load_safebuffer[1-2]" time="0.560" /><testcase classname="tests.test_codegen" name="test_c_load_safebuffer[1-3]" time="0.544" /><testcase classname="tests.test_codegen" name="test_c_load_safebuffer[2--1]" time="0.551" /><testcase classname="tests.test_codegen" name="test_c_load_safebuffer[2-0]" time="0.587" /><testcase classname="tests.test_codegen" name="test_c_load_safebuffer[2-1]" time="0.593" /><testcase classname="tests.test_codegen" name="test_c_load_safebuffer[2-2]" time="0.543" /><testcase classname="tests.test_codegen" name="test_c_load_safebuffer[2-3]" time="0.544" /><testcase classname="tests.test_codegen" name="test_c_load_safebuffer[3--1]" time="0.547" /><testcase classname="tests.test_codegen" name="test_c_load_safebuffer[3-0]" time="0.574" /><testcase classname="tests.test_codegen" name="test_c_load_safebuffer[3-1]" time="0.575" /><testcase classname="tests.test_codegen" name="test_c_load_safebuffer[3-2]" time="0.582" /><testcase classname="tests.test_codegen" name="test_c_load_safebuffer[3-3]" time="0.546" /><testcase classname="tests.test_codegen" name="test_numba_load_safebuffer[-1-2-compiler0]" time="0.001" /><testcase classname="tests.test_codegen" name="test_numba_load_safebuffer[-1-2-compiler1]" time="0.208" /><testcase classname="tests.test_codegen" name="test_numba_load_safebuffer[1-2-compiler2]" time="0.001" /><testcase classname="tests.test_codegen" name="test_numba_load_safebuffer[1-2-compiler3]" time="0.033" /><testcase classname="tests.test_codegen" name="test_numba_load_safebuffer[2-3-compiler4]" time="0.001" /><testcase classname="tests.test_codegen" name="test_numba_load_safebuffer[2-3-compiler5]" time="0.033" /><testcase classname="tests.test_codegen" name="test_numba_load_safebuffer[2-2-compiler6]" time="0.001" /><testcase classname="tests.test_codegen" name="test_numba_load_safebuffer[2-2-compiler7]" time="0.046" /><testcase classname="tests.test_codegen" name="test_numba_store_safebuffer[-1-2-3-compiler0]" time="0.041" /><testcase classname="tests.test_codegen" name="test_numba_store_safebuffer[-1-2-3-compiler1]" time="0.001" /><testcase classname="tests.test_codegen" name="test_numba_store_safebuffer[1-2-1434-compiler2]" time="0.041" /><testcase classname="tests.test_codegen" name="test_numba_store_safebuffer[1-2-1434-compiler3]" time="0.001" /><testcase classname="tests.test_codegen" name="test_numba_store_safebuffer[2-3-1434-compiler4]" time="0.041" /><testcase classname="tests.test_codegen" name="test_numba_store_safebuffer[2-3-1434-compiler5]" time="0.001" /><testcase classname="tests.test_codegen" name="test_numba_store_safebuffer[2-2-3-compiler6]" time="0.041" /><testcase classname="tests.test_codegen" name="test_numba_store_safebuffer[2-2-3-compiler7]" time="0.001" /><testcase classname="tests.test_codegen" name="test_c_store_safebuffer[-1-2--1]" time="0.546" /><testcase classname="tests.test_codegen" name="test_c_store_safebuffer[-1-2-1434]" time="0.544" /><testcase classname="tests.test_codegen" name="test_c_store_safebuffer[1-2--1]" time="0.546" /><testcase classname="tests.test_codegen" name="test_c_store_safebuffer[1-2-1434]" time="0.544" /><testcase classname="tests.test_codegen" name="test_c_store_safebuffer[2-3--1]" time="0.546" /><testcase classname="tests.test_codegen" name="test_c_store_safebuffer[2-3-1434]" time="0.546" /><testcase classname="tests.test_codegen" name="test_c_store_safebuffer[2-2--1]" time="0.546" /><testcase classname="tests.test_codegen" name="test_c_store_safebuffer[2-2-1434]" time="0.541" /><testcase classname="tests.test_codegen" name="test_np_c_serialization[3-int64-c_long]" time="0.000" /><testcase classname="tests.test_codegen" name="test_np_c_serialization[1-float32-c_float]" time="0.000" /><testcase classname="tests.test_codegen" name="test_np_c_serialization[1.2-float64-c_double]" time="0.000" /><testcase classname="tests.test_codegen" name="test_ctypes_c_serialization[3-c_long]" time="0.000" /><testcase classname="tests.test_codegen" name="test_ctypes_c_serialization[1-c_float]" time="0.000" /><testcase classname="tests.test_codegen" name="test_ctypes_c_serialization[1.2-c_double]" time="0.000" /><testcase classname="tests.test_codegen" name="test_np_numba_serialization[3-int64]" time="0.000" /><testcase classname="tests.test_codegen" name="test_np_numba_serialization[1-float32]" time="0.000" /><testcase classname="tests.test_codegen" name="test_np_numba_serialization[1.2-float64]" time="0.000" /><testcase classname="tests.test_codegen" name="test_e2e_numba" time="0.286" /><testcase classname="tests.test_einsum" name="mypy" time="0.001" /><testcase classname="tests.test_einsum" name="test_basic_addition_with_transpose" time="0.006" /><testcase classname="tests.test_einsum" name="test_matrix_multiplication" time="0.006" /><testcase classname="tests.test_einsum" name="test_element_wise_multiplication" time="0.005" /><testcase classname="tests.test_einsum" name="test_sum_reduction" time="0.004" /><testcase classname="tests.test_einsum" name="test_maximum_reduction" time="0.004" /><testcase classname="tests.test_einsum" name="test_outer_product" time="0.005" /><testcase classname="tests.test_einsum" name="test_batch_matrix_multiplication" time="0.007" /><testcase classname="tests.test_einsum" name="test_minimum_reduction" time="0.004" /><testcase classname="tests.test_einsum" name="test_swizzle_in[idxs0-axis0]" time="0.006" /><testcase classname="tests.test_einsum" name="test_swizzle_in[idxs0-axis1]" time="0.006" /><testcase classname="tests.test_einsum" name="test_swizzle_in[idxs0-axis2]" time="0.006" /><testcase classname="tests.test_einsum" name="test_swizzle_in[idxs0-axis3]" time="0.006" /><testcase classname="tests.test_einsum" name="test_swizzle_in[idxs1-axis0]" time="0.006" /><testcase classname="tests.test_einsum" name="test_swizzle_in[idxs1-axis1]" time="0.006" /><testcase classname="tests.test_einsum" name="test_swizzle_in[idxs1-axis2]" time="0.006" /><testcase classname="tests.test_einsum" name="test_swizzle_in[idxs1-axis3]" time="0.006" /><testcase classname="tests.test_einsum" name="test_swizzle_in[idxs2-axis0]" time="0.006" /><testcase classname="tests.test_einsum" name="test_swizzle_in[idxs2-axis1]" time="0.006" /><testcase classname="tests.test_einsum" name="test_swizzle_in[idxs2-axis2]" time="0.006" /><testcase classname="tests.test_einsum" name="test_swizzle_in[idxs2-axis3]" time="0.006" /><testcase classname="tests.test_einsum" name="test_operator_precedence_arithmetic" time="0.007" /><testcase classname="tests.test_einsum" name="test_operator_precedence_power_and_multiplication" time="0.006" /><testcase classname="tests.test_einsum" name="test_operator_precedence_addition_and_multiplication" time="0.008" /><testcase classname="tests.test_einsum" name="test_operator_precedence_logical_and_or" time="0.009" /><testcase classname="tests.test_einsum" name="test_operator_precedence_bitwise_operations" time="0.010" /><testcase classname="tests.test_einsum" name="test_operator_precedence_shift_operations" time="0.007" /><testcase classname="tests.test_einsum" name="test_operator_precedence_comparison_with_arithmetic" time="0.008" /><testcase classname="tests.test_einsum" name="test_operator_precedence_with_parentheses" time="0.015" /><testcase classname="tests.test_einsum" name="test_operator_precedence_unary_operators" time="0.005" /><testcase classname="tests.test_einsum" name="test_numeric_literals" time="0.010" /><testcase classname="tests.test_einsum" name="test_comparison_chaining" time="0.008" /><testcase classname="tests.test_einsum" name="test_comparison_chaining_three_way" time="0.009" /><testcase classname="tests.test_einsum" name="test_comparison_chaining_four_way" time="0.010" /><testcase classname="tests.test_einsum" name="test_single_comparison_vs_chained" time="0.013" /><testcase classname="tests.test_einsum" name="test_alphanumeric_tensor_names" time="0.014" /><testcase classname="tests.test_einsum" name="test_bool_literals" time="0.019" /><testcase classname="tests.test_einsum" name="test_int_literals" time="0.019" /><testcase classname="tests.test_einsum" name="test_float_literals" time="0.022" /><testcase classname="tests.test_einsum" name="test_complex_literals" time="0.054" /><testcase classname="tests.test_einsum" name="test_mixed_literal_types" time="0.017" /><testcase classname="tests.test_einsum" name="test_literal_edge_cases" time="0.021" /><testcase classname="tests.test_einsum.TestEinsumImplicitMode" name="test_trace" time="0.000"><skipped type="pytest.skip" message="Repeated indices not yet supported">/Users/yusheng/Developer/finch-tensor-lite/tests/test_einsum.py:510: Repeated indices not yet supported</skipped></testcase><testcase classname="tests.test_einsum.TestEinsumImplicitMode" name="test_element_wise_multiplication" time="0.001" /><testcase classname="tests.test_einsum.TestEinsumImplicitMode" name="test_matrix_multiplication" time="0.002" /><testcase classname="tests.test_einsum.TestEinsumImplicitMode" name="test_transpose" time="0.001" /><testcase classname="tests.test_einsum.TestEinsumImplicitMode" name="test_vector_inner_product" time="0.001" /><testcase classname="tests.test_einsum.TestEinsumImplicitMode" name="test_vector_outer_product" time="0.001" /><testcase classname="tests.test_einsum.TestEinsumImplicitMode" name="test_tensor_contraction" time="0.002" /><testcase classname="tests.test_einsum.TestEinsumImplicitMode" name="test_bilinear_transformation" time="0.023" /><testcase classname="tests.test_einsum.TestEinsumExplicitMode" name="test_extract_diagonal" time="0.000"><skipped type="pytest.skip" message="Repeated indices not yet supported">/Users/yusheng/Developer/finch-tensor-lite/tests/test_einsum.py:600: Repeated indices not yet supported</skipped></testcase><testcase classname="tests.test_einsum.TestEinsumExplicitMode" name="test_sum_over_axis" time="0.001" /><testcase classname="tests.test_einsum.TestEinsumExplicitMode" name="test_total_sum" time="0.001" /><testcase classname="tests.test_einsum.TestEinsumExplicitMode" name="test_transpose_explicit" time="0.001" /><testcase classname="tests.test_einsum.TestEinsumExplicitMode" name="test_matrix_vector_explicit" time="0.001" /><testcase classname="tests.test_einsum.TestEinsumExplicitMode" name="test_custom_contraction" time="0.002" /><testcase classname="tests.test_einsum.TestEinsumExplicitMode" name="test_reorder_axes" time="0.002" /><testcase classname="tests.test_einsum.TestEinsumVariableOrdering" name="test_alphabetical_ordering_implicit" time="0.003" /><testcase classname="tests.test_einsum.TestEinsumVariableOrdering" name="test_non_alphabetical_ordering" time="0.001" /><testcase classname="tests.test_einsum.TestEinsumVariableOrdering" name="test_variable_ordering_explicit_override" time="0.001" /><testcase classname="tests.test_einsum.TestEinsumVariableOrdering" name="test_repeated_indices" time="0.000"><skipped type="pytest.skip" message="Repeated indices not yet supported">/Users/yusheng/Developer/finch-tensor-lite/tests/test_einsum.py:724: Repeated indices not yet supported</skipped></testcase><testcase classname="tests.test_einsum.TestEinsumVariableOrdering" name="test_mixed_variable_types" time="0.002" /><testcase classname="tests.test_einsum.TestEinsumSpecialSyntax" name="test_alternative_syntax_matrix_mult" time="0.003" /><testcase classname="tests.test_einsum.TestEinsumSpecialSyntax" name="test_alternative_syntax_with_output" time="0.001" /><testcase classname="tests.test_einsum.TestEinsumSpecialSyntax" name="test_alternative_syntax_transpose" time="0.001" /><testcase classname="tests.test_einsum.TestEinsumSpecialSyntax" name="test_alternative_syntax_trace" time="0.000"><skipped type="pytest.skip" message="Repeated indices not yet supported">/Users/yusheng/Developer/finch-tensor-lite/tests/test_einsum.py:796: Repeated indices not yet supported</skipped></testcase><testcase classname="tests.test_einsum.TestEinsumSpecialSyntax" name="test_alternative_syntax_diagonal" time="0.000"><skipped type="pytest.skip" message="Repeated indices not yet supported">/Users/yusheng/Developer/finch-tensor-lite/tests/test_einsum.py:808: Repeated indices not yet supported</skipped></testcase><testcase classname="tests.test_einsum.TestEinsumSpecialSyntax" name="test_alternative_syntax_sum" time="0.001" /><testcase classname="tests.test_einsum.TestEinsumSpecialSyntax" name="test_alternative_syntax_outer_product" time="0.001" /><testcase classname="tests.test_einsum.TestEinsumSpecialSyntax" name="test_alternative_syntax_complex_contraction" time="0.013" /><testcase classname="tests.test_einsum.TestEinsumEdgeCases" name="test_single_tensor_operations" time="0.002" /><testcase classname="tests.test_einsum.TestEinsumEdgeCases" name="test_scalar_operations" time="0.001" /><testcase classname="tests.test_einsum.TestEinsumEdgeCases" name="test_empty_dimensions" time="0.001" /><testcase classname="tests.test_einsum.TestEinsumEdgeCases" name="test_1d_tensors" time="0.001" /><testcase classname="tests.test_einsum.TestEinsumEdgeCases" name="test_high_dimensional" time="0.002" /><testcase classname="tests.test_einsum.TestEinsumEllipses" name="test_basic_ellipses" time="0.004" /><testcase classname="tests.test_einsum.TestEinsumEllipses" name="test_ellipses_with_named_indices" time="0.005" /><testcase classname="tests.test_einsum.TestEinsumEllipses" name="test_ellipses_transpose" time="0.004" /><testcase classname="tests.test_einsum.TestEinsumEllipses" name="test_ellipses_matrix_multiply" time="0.011" /><testcase classname="tests.test_einsum.TestEinsumEllipses" name="test_ellipses_different_batch_dims" time="0.009" /><testcase classname="tests.test_einsum.TestEinsumEllipses" name="test_ellipses_trace" time="0.000"><skipped type="pytest.skip" message="Repeated indices not yet supported">/Users/yusheng/Developer/finch-tensor-lite/tests/test_einsum.py:984: Repeated indices not yet supported</skipped></testcase><testcase classname="tests.test_einsum.TestEinsumEllipses" name="test_ellipses_diagonal" time="0.000"><skipped type="pytest.skip" message="Repeated indices not yet supported">/Users/yusheng/Developer/finch-tensor-lite/tests/test_einsum.py:996: Repeated indices not yet supported</skipped></testcase><testcase classname="tests.test_einsum.TestEinsumEllipses" name="test_ellipses_element_wise" time="0.004" /><testcase classname="tests.test_einsum.TestEinsumEllipses" name="test_ellipses_sum_product" time="0.004" /><testcase classname="tests.test_einsum.TestEinsumEllipses" name="test_ellipses_outer_product" time="0.001" /><testcase classname="tests.test_einsum.TestEinsumEllipses" name="test_ellipses_multiple_contractions" time="0.053" /><testcase classname="tests.test_einsum.TestEinsumEllipses" name="test_ellipses_broadcasting_edge_cases" time="0.002" /><testcase classname="tests.test_einsum.TestEinsumEllipses" name="test_ellipses_with_scalars" time="0.001" /><testcase classname="tests.test_einsum.TestEinsumEllipses" name="test_ellipses_reduction_patterns" time="0.019" /><testcase classname="tests.test_einsum.TestEinsumDataTypes" name="test_matrix_multiplication_dtypes[float32]" time="0.002" /><testcase classname="tests.test_einsum.TestEinsumDataTypes" name="test_matrix_multiplication_dtypes[float64]" time="0.001" /><testcase classname="tests.test_einsum.TestEinsumDataTypes" name="test_matrix_multiplication_dtypes[complex64]" time="0.002" /><testcase classname="tests.test_einsum.TestEinsumDataTypes" name="test_matrix_multiplication_dtypes[complex128]" time="0.002" /><testcase classname="tests.test_einsum.TestEinsumDataTypes" name="test_complex_operations[float32]" time="0.000"><skipped type="pytest.skip" message="Test only for complex dtypes">/Users/yusheng/Developer/finch-tensor-lite/tests/test_einsum.py:1118: Test only for complex dtypes</skipped></testcase><testcase classname="tests.test_einsum.TestEinsumDataTypes" name="test_complex_operations[float64]" time="0.000"><skipped type="pytest.skip" message="Test only for complex dtypes">/Users/yusheng/Developer/finch-tensor-lite/tests/test_einsum.py:1118: Test only for complex dtypes</skipped></testcase><testcase classname="tests.test_einsum.TestEinsumDataTypes" name="test_complex_operations[complex64]" time="0.001" /><testcase classname="tests.test_einsum.TestEinsumDataTypes" name="test_complex_operations[complex128]" time="0.001" /><testcase classname="tests.test_einsum_lowerer" name="mypy" time="0.001" /><testcase classname="tests.test_einsum_lowerer" name="test_simple_addition" time="0.008" /><testcase classname="tests.test_einsum_lowerer" name="test_scalar_multiplication" time="0.007" /><testcase classname="tests.test_einsum_lowerer" name="test_element_wise_operations" time="0.011" /><testcase classname="tests.test_einsum_lowerer" name="test_sum_reduction" time="0.005" /><testcase classname="tests.test_einsum_lowerer" name="test_maximum_reduction" time="0.005" /><testcase classname="tests.test_einsum_lowerer" name="test_batch_matrix_multiplication" time="0.012" /><testcase classname="tests.test_einsum_lowerer" name="test_minimum_reduction" time="0.005" /><testcase classname="tests.test_galley" name="mypy" time="0.001" /><testcase classname="tests.test_galley" name="test_copy_and_getters" time="0.000" /><testcase classname="tests.test_galley" name="test_reindex_def[orig_axes0-new_axes0]" time="0.000" /><testcase classname="tests.test_galley" name="test_reindex_def[orig_axes1-new_axes1]" time="0.000" /><testcase classname="tests.test_galley" name="test_set_fill_value_and_relabel_index" time="0.000" /><testcase classname="tests.test_galley" name="test_add_dummy_idx" time="0.000" /><testcase classname="tests.test_galley" name="test_tensordef_mapjoin[defs0-add-expected_axes0-expected_dims0-5.0]" time="0.000" /><testcase classname="tests.test_galley" name="test_tensordef_mapjoin[defs1-max-expected_axes1-expected_dims1-4.0]" time="0.000" /><testcase classname="tests.test_galley" name="test_tensordef_mapjoin[defs2-&lt;lambda&gt;-expected_axes2-expected_dims2-6.0]" time="0.001" /><testcase classname="tests.test_galley" name="test_tensordef_aggregate[add-index_set0-dim_sizes0-0.5-reduce_fields0-expected_axes0-expected_dims0-2.5]" time="0.001" /><testcase classname="tests.test_galley" name="test_tensordef_aggregate[add-index_set1-dim_sizes1-7.0-reduce_fields1-expected_axes1-expected_dims1-448.0]" time="0.000" /><testcase classname="tests.test_galley" name="test_tensordef_aggregate[add-index_set2-dim_sizes2-1.0-reduce_fields2-expected_axes2-expected_dims2-1.0]" time="0.000" /><testcase classname="tests.test_galley" name="test_tensordef_aggregate[add-index_set3-dim_sizes3-0.0-reduce_fields3-expected_axes3-expected_dims3-0.0]" time="0.000" /><testcase classname="tests.test_galley" name="test_tensordef_aggregate[mul-index_set4-dim_sizes4-2.0-reduce_fields4-expected_axes4-expected_dims4-8.0]" time="0.000" /><testcase classname="tests.test_galley" name="test_tensordef_aggregate[min-index_set5-dim_sizes5-7.0-reduce_fields5-expected_axes5-expected_dims5-7.0]" time="0.000" /><testcase classname="tests.test_galley" name="test_from_tensor_and_getters" time="0.000"><failure message="NameError: name 'OrderedDict' is not defined">def test_from_tensor_and_getters():
        arr = np.zeros((2, 3))
        ds = DenseStats(arr, ["i", "j"])
    
        node = Table(Literal(arr), (Field("i"), Field("j")))
    
        # Run the higher-order stats pass with ST = DenseStats
        stats: TensorStats = _insert_statistics(
            ST=DenseStats,
            node=node,
&gt;           bindings=OrderedDict(),   # no aliases in this test
            replace=False,
            cache={},                 # fresh memo cache
        )
E       NameError: name 'OrderedDict' is not defined

tests/test_galley.py:220: NameError</failure></testcase><testcase classname="tests.test_galley" name="test_estimate_non_fill_values[shape0-6.0]" time="0.000" /><testcase classname="tests.test_galley" name="test_estimate_non_fill_values[shape1-120.0]" time="0.000" /><testcase classname="tests.test_galley" name="test_estimate_non_fill_values[shape2-1.0]" time="0.000" /><testcase classname="tests.test_galley" name="test_mapjoin_mul_and_add" time="0.000" /><testcase classname="tests.test_galley" name="test_aggregate_and_issimilar" time="0.000" /><testcase classname="tests.test_galley" name="test_dc_stats_vector[tensor0-fields0-expected_dcs0]" time="0.000" /><testcase classname="tests.test_galley" name="test_dc_stats_vector[tensor1-fields1-expected_dcs1]" time="0.001" /><testcase classname="tests.test_galley" name="test_dc_stats_vector[tensor2-fields2-expected_dcs2]" time="0.001" /><testcase classname="tests.test_galley" name="test_dc_stats_matrix[tensor0-fields0-expected_dcs0]" time="0.000" /><testcase classname="tests.test_galley" name="test_dc_stats_matrix[tensor1-fields1-expected_dcs1]" time="0.002" /><testcase classname="tests.test_galley" name="test_dc_stats_matrix[tensor2-fields2-expected_dcs2]" time="0.002" /><testcase classname="tests.test_galley" name="test_dc_stats_3d[tensor0-fields0-expected_dcs0]" time="0.000" /><testcase classname="tests.test_galley" name="test_dc_stats_3d[tensor1-fields1-expected_dcs1]" time="0.003" /><testcase classname="tests.test_galley" name="test_dc_stats_3d[tensor2-fields2-expected_dcs2]" time="0.003" /><testcase classname="tests.test_galley" name="test_dc_stats_4d[tensor0-fields0-expected_dcs0]" time="0.000" /><testcase classname="tests.test_galley" name="test_dc_stats_4d[tensor1-fields1-expected_dcs1]" time="0.006" /><testcase classname="tests.test_galley" name="test_dc_stats_4d[tensor2-fields2-expected_dcs2]" time="0.006" /><testcase classname="tests.test_galley" name="test_single_tensor_card[dims0-dcs0-50]" time="0.001" /><testcase classname="tests.test_galley" name="test_1_join_dc_card[dims0-dcs0-250]" time="0.001" /><testcase classname="tests.test_galley" name="test_2_join_dc_card[dims0-dcs0-1250]" time="0.001" /><testcase classname="tests.test_galley" name="test_triangle_dc_card[dims0-dcs0-250]" time="0.001" /><testcase classname="tests.test_galley" name="test_triangle_small_dc_card[dims0-dcs0-5]" time="0.001" /><testcase classname="tests.test_galley" name="test_merge_dc_join[dims0-dcs_list0-expected_dcs0]" time="0.000" /><testcase classname="tests.test_galley" name="test_merge_dc_join[dims1-dcs_list1-expected_dcs1]" time="0.001" /><testcase classname="tests.test_galley" name="test_merge_dc_union[new_dims0-inputs0-expected_dcs0]" time="0.000" /><testcase classname="tests.test_galley" name="test_merge_dc_union[new_dims1-inputs1-expected_dcs1]" time="0.000" /><testcase classname="tests.test_galley" name="test_merge_dc_union[new_dims2-inputs2-expected_dcs2]" time="0.000" /><testcase classname="tests.test_galley" name="test_merge_dc_union[new_dims3-inputs3-expected_dcs3]" time="0.000" /><testcase classname="tests.test_galley" name="test_1d_disjunction_dc_card[dims10-dcs10-dims20-dcs20-2]" time="0.001" /><testcase classname="tests.test_galley" name="test_2d_disjunction_dc_card[dims10-dcs10-dims20-dcs20-2]" time="0.001" /><testcase classname="tests.test_galley" name="test_2d_disjoin_disjunction_dc_card[dims10-dcs10-dims20-dcs20-10500]" time="0.001" /><testcase classname="tests.test_galley" name="test_3d_disjoint_disjunction_dc_card[dims10-dcs10-dims20-dcs20-15000]" time="0.001" /><testcase classname="tests.test_galley" name="test_large_disjoint_disjunction_dc_card[dims10-dcs10-dims20-dcs20-dims30-dcs30-15010]" time="0.002" /><testcase classname="tests.test_galley" name="test_mixture_disjoint_disjunction_dc_card[dims10-dcs10-dims20-dcs20-dims30-dcs30-10]" time="0.002" /><testcase classname="tests.test_galley" name="test_full_reduce_DC_card[dims0-dcs0-1]" time="0.002" /><testcase classname="tests.test_galley" name="test_1_attr_reduce_DC_card[dims0-dcs0-5]" time="0.001" /><testcase classname="tests.test_galley" name="test_2_attr_reduce_DC_card[dims0-dcs0-5]" time="0.001" /><testcase classname="tests.test_galley" name="test_varied_reduce_DC_card[dims0-dcs0-reduce_indices0-5000]" time="0.001" /><testcase classname="tests.test_galley" name="test_varied_reduce_DC_card[dims1-dcs1-reduce_indices1-100]" time="0.001" /><testcase classname="tests.test_galley" name="test_varied_reduce_DC_card[dims2-dcs2-reduce_indices2-5]" time="0.001" /><testcase classname="tests.test_interface" name="mypy" time="0.001" /><testcase classname="tests.test_interface" name="test_matrix_multiplication[a0-b0]" time="0.001" /><testcase classname="tests.test_interface" name="test_matrix_multiplication[a1-b1]" time="0.001" /><testcase classname="tests.test_interface" name="test_elementwise_operations[ops0-add-&lt;lambda&gt;-&lt;lambda&gt;-a0-b0]" time="0.002" /><testcase classname="tests.test_interface" name="test_elementwise_operations[ops0-add-&lt;lambda&gt;-&lt;lambda&gt;-a1-b1]" time="0.001" /><testcase classname="tests.test_interface" name="test_elementwise_operations[ops0-add-&lt;lambda&gt;-&lt;lambda&gt;-a2-2]" time="0.001" /><testcase classname="tests.test_interface" name="test_elementwise_operations[ops0-add-&lt;lambda&gt;-&lt;lambda&gt;-3-b3]" time="0.001" /><testcase classname="tests.test_interface" name="test_elementwise_operations[ops0-add-&lt;lambda&gt;-&lt;lambda&gt;-a4-True]" time="0.001" /><testcase classname="tests.test_interface" name="test_elementwise_operations[ops0-add-&lt;lambda&gt;-TestEagerTensor-a0-b0]" time="0.001" /><testcase classname="tests.test_interface" name="test_elementwise_operations[ops0-add-&lt;lambda&gt;-TestEagerTensor-a1-b1]" time="0.001" /><testcase classname="tests.test_interface" name="test_elementwise_operations[ops0-add-&lt;lambda&gt;-TestEagerTensor-a2-2]" time="0.001" /><testcase classname="tests.test_interface" name="test_elementwise_operations[ops0-add-&lt;lambda&gt;-TestEagerTensor-3-b3]" time="0.001" /><testcase classname="tests.test_interface" name="test_elementwise_operations[ops0-add-&lt;lambda&gt;-TestEagerTensor-a4-True]" time="0.001" /><testcase classname="tests.test_interface" name="test_elementwise_operations[ops0-add-&lt;lambda&gt;-defer-a0-b0]" time="0.001" /><testcase classname="tests.test_interface" name="test_elementwise_operations[ops0-add-&lt;lambda&gt;-defer-a1-b1]" time="0.001" /><testcase classname="tests.test_interface" name="test_elementwise_operations[ops0-add-&lt;lambda&gt;-defer-a2-2]" time="0.001" /><testcase classname="tests.test_interface" name="test_elementwise_operations[ops0-add-&lt;lambda&gt;-defer-3-b3]" time="0.001" /><testcase classname="tests.test_interface" name="test_elementwise_operations[ops0-add-&lt;lambda&gt;-defer-a4-True]" time="0.001" /><testcase classname="tests.test_interface" name="test_elementwise_operations[ops0-add-TestEagerTensor-&lt;lambda&gt;-a0-b0]" time="0.001" /><testcase classname="tests.test_interface" name="test_elementwise_operations[ops0-add-TestEagerTensor-&lt;lambda&gt;-a1-b1]" time="0.001" /><testcase classname="tests.test_interface" name="test_elementwise_operations[ops0-add-TestEagerTensor-&lt;lambda&gt;-a2-2]" time="0.001" /><testcase classname="tests.test_interface" name="test_elementwise_operations[ops0-add-TestEagerTensor-&lt;lambda&gt;-3-b3]" time="0.001" /><testcase classname="tests.test_interface" name="test_elementwise_operations[ops0-add-TestEagerTensor-&lt;lambda&gt;-a4-True]" time="0.001" /><testcase classname="tests.test_interface" name="test_elementwise_operations[ops0-add-TestEagerTensor-TestEagerTensor-a0-b0]" time="0.001" /><testcase classname="tests.test_interface" name="test_elementwise_operations[ops0-add-TestEagerTensor-TestEagerTensor-a1-b1]" time="0.001" /><testcase classname="tests.test_interface" name="test_elementwise_operations[ops0-add-TestEagerTensor-TestEagerTensor-a2-2]" time="0.001" /><testcase classname="tests.test_interface" name="test_elementwise_operations[ops0-add-TestEagerTensor-TestEagerTensor-3-b3]" time="0.001" /><testcase classname="tests.test_interface" name="test_elementwise_operations[ops0-add-TestEagerTensor-TestEagerTensor-a4-True]" time="0.001" /><testcase classname="tests.test_interface" name="test_elementwise_operations[ops0-add-TestEagerTensor-defer-a0-b0]" time="0.002" /><testcase classname="tests.test_interface" name="test_elementwise_operations[ops0-add-TestEagerTensor-defer-a1-b1]" time="0.001" /><testcase classname="tests.test_interface" name="test_elementwise_operations[ops0-add-TestEagerTensor-defer-a2-2]" time="0.001" /><testcase classname="tests.test_interface" name="test_elementwise_operations[ops0-add-TestEagerTensor-defer-3-b3]" time="0.001" /><testcase classname="tests.test_interface" name="test_elementwise_operations[ops0-add-TestEagerTensor-defer-a4-True]" time="0.001" /><testcase classname="tests.test_interface" name="test_elementwise_operations[ops0-add-defer-&lt;lambda&gt;-a0-b0]" time="0.001" /><testcase classname="tests.test_interface" name="test_elementwise_operations[ops0-add-defer-&lt;lambda&gt;-a1-b1]" time="0.001" /><testcase classname="tests.test_interface" name="test_elementwise_operations[ops0-add-defer-&lt;lambda&gt;-a2-2]" time="0.001" /><testcase classname="tests.test_interface" name="test_elementwise_operations[ops0-add-defer-&lt;lambda&gt;-3-b3]" time="0.001" /><testcase classname="tests.test_interface" name="test_elementwise_operations[ops0-add-defer-&lt;lambda&gt;-a4-True]" time="0.001" /><testcase classname="tests.test_interface" name="test_elementwise_operations[ops0-add-defer-TestEagerTensor-a0-b0]" time="0.001" /><testcase classname="tests.test_interface" name="test_elementwise_operations[ops0-add-defer-TestEagerTensor-a1-b1]" time="0.001" /><testcase classname="tests.test_interface" name="test_elementwise_operations[ops0-add-defer-TestEagerTensor-a2-2]" time="0.001" /><testcase classname="tests.test_interface" name="test_elementwise_operations[ops0-add-defer-TestEagerTensor-3-b3]" time="0.001" /><testcase classname="tests.test_interface" name="test_elementwise_operations[ops0-add-defer-TestEagerTensor-a4-True]" time="0.001" /><testcase classname="tests.test_interface" name="test_elementwise_operations[ops0-add-defer-defer-a0-b0]" time="0.001" /><testcase classname="tests.test_interface" name="test_elementwise_operations[ops0-add-defer-defer-a1-b1]" time="0.001" /><testcase classname="tests.test_interface" name="test_elementwise_operations[ops0-add-defer-defer-a2-2]" time="0.001" /><testcase classname="tests.test_interface" name="test_elementwise_operations[ops0-add-defer-defer-3-b3]" time="0.001" /><testcase classname="tests.test_interface" name="test_elementwise_operations[ops0-add-defer-defer-a4-True]" time="0.001" /><testcase classname="tests.test_interface" name="test_elementwise_operations[ops1-subtract-&lt;lambda&gt;-&lt;lambda&gt;-a0-b0]" time="0.001" /><testcase classname="tests.test_interface" name="test_elementwise_operations[ops1-subtract-&lt;lambda&gt;-&lt;lambda&gt;-a1-b1]" time="0.001" /><testcase classname="tests.test_interface" name="test_elementwise_operations[ops1-subtract-&lt;lambda&gt;-&lt;lambda&gt;-a2-2]" time="0.001" /><testcase classname="tests.test_interface" name="test_elementwise_operations[ops1-subtract-&lt;lambda&gt;-&lt;lambda&gt;-3-b3]" time="0.001" /><testcase classname="tests.test_interface" name="test_elementwise_operations[ops1-subtract-&lt;lambda&gt;-&lt;lambda&gt;-a4-True]" time="0.001" /><testcase classname="tests.test_interface" name="test_elementwise_operations[ops1-subtract-&lt;lambda&gt;-TestEagerTensor-a0-b0]" time="0.001" /><testcase classname="tests.test_interface" name="test_elementwise_operations[ops1-subtract-&lt;lambda&gt;-TestEagerTensor-a1-b1]" time="0.001" /><testcase classname="tests.test_interface" name="test_elementwise_operations[ops1-subtract-&lt;lambda&gt;-TestEagerTensor-a2-2]" time="0.001" /><testcase classname="tests.test_interface" name="test_elementwise_operations[ops1-subtract-&lt;lambda&gt;-TestEagerTensor-3-b3]" time="0.001" /><testcase classname="tests.test_interface" name="test_elementwise_operations[ops1-subtract-&lt;lambda&gt;-TestEagerTensor-a4-True]" time="0.001" /><testcase classname="tests.test_interface" name="test_elementwise_operations[ops1-subtract-&lt;lambda&gt;-defer-a0-b0]" time="0.001" /><testcase classname="tests.test_interface" name="test_elementwise_operations[ops1-subtract-&lt;lambda&gt;-defer-a1-b1]" time="0.001" /><testcase classname="tests.test_interface" name="test_elementwise_operations[ops1-subtract-&lt;lambda&gt;-defer-a2-2]" time="0.001" /><testcase classname="tests.test_interface" name="test_elementwise_operations[ops1-subtract-&lt;lambda&gt;-defer-3-b3]" time="0.001" /><testcase classname="tests.test_interface" name="test_elementwise_operations[ops1-subtract-&lt;lambda&gt;-defer-a4-True]" time="0.001" /><testcase classname="tests.test_interface" name="test_elementwise_operations[ops1-subtract-TestEagerTensor-&lt;lambda&gt;-a0-b0]" time="0.002" /><testcase classname="tests.test_interface" name="test_elementwise_operations[ops1-subtract-TestEagerTensor-&lt;lambda&gt;-a1-b1]" time="0.001" /><testcase classname="tests.test_interface" name="test_elementwise_operations[ops1-subtract-TestEagerTensor-&lt;lambda&gt;-a2-2]" time="0.001" /><testcase classname="tests.test_interface" name="test_elementwise_operations[ops1-subtract-TestEagerTensor-&lt;lambda&gt;-3-b3]" time="0.001" /><testcase classname="tests.test_interface" name="test_elementwise_operations[ops1-subtract-TestEagerTensor-&lt;lambda&gt;-a4-True]" time="0.001" /><testcase classname="tests.test_interface" name="test_elementwise_operations[ops1-subtract-TestEagerTensor-TestEagerTensor-a0-b0]" time="0.001" /><testcase classname="tests.test_interface" name="test_elementwise_operations[ops1-subtract-TestEagerTensor-TestEagerTensor-a1-b1]" time="0.001" /><testcase classname="tests.test_interface" name="test_elementwise_operations[ops1-subtract-TestEagerTensor-TestEagerTensor-a2-2]" time="0.001" /><testcase classname="tests.test_interface" name="test_elementwise_operations[ops1-subtract-TestEagerTensor-TestEagerTensor-3-b3]" time="0.001" /><testcase classname="tests.test_interface" name="test_elementwise_operations[ops1-subtract-TestEagerTensor-TestEagerTensor-a4-True]" time="0.001" /><testcase classname="tests.test_interface" name="test_elementwise_operations[ops1-subtract-TestEagerTensor-defer-a0-b0]" time="0.001" /><testcase classname="tests.test_interface" name="test_elementwise_operations[ops1-subtract-TestEagerTensor-defer-a1-b1]" time="0.001" /><testcase classname="tests.test_interface" name="test_elementwise_operations[ops1-subtract-TestEagerTensor-defer-a2-2]" time="0.001" /><testcase classname="tests.test_interface" name="test_elementwise_operations[ops1-subtract-TestEagerTensor-defer-3-b3]" time="0.001" /><testcase classname="tests.test_interface" name="test_elementwise_operations[ops1-subtract-TestEagerTensor-defer-a4-True]" time="0.001" /><testcase classname="tests.test_interface" name="test_elementwise_operations[ops1-subtract-defer-&lt;lambda&gt;-a0-b0]" time="0.001" /><testcase classname="tests.test_interface" name="test_elementwise_operations[ops1-subtract-defer-&lt;lambda&gt;-a1-b1]" time="0.001" /><testcase classname="tests.test_interface" name="test_elementwise_operations[ops1-subtract-defer-&lt;lambda&gt;-a2-2]" time="0.001" /><testcase classname="tests.test_interface" name="test_elementwise_operations[ops1-subtract-defer-&lt;lambda&gt;-3-b3]" time="0.001" /><testcase classname="tests.test_interface" name="test_elementwise_operations[ops1-subtract-defer-&lt;lambda&gt;-a4-True]" time="0.001" /><testcase classname="tests.test_interface" name="test_elementwise_operations[ops1-subtract-defer-TestEagerTensor-a0-b0]" time="0.001" /><testcase classname="tests.test_interface" name="test_elementwise_operations[ops1-subtract-defer-TestEagerTensor-a1-b1]" time="0.001" /><testcase classname="tests.test_interface" name="test_elementwise_operations[ops1-subtract-defer-TestEagerTensor-a2-2]" time="0.001" /><testcase classname="tests.test_interface" name="test_elementwise_operations[ops1-subtract-defer-TestEagerTensor-3-b3]" time="0.001" /><testcase classname="tests.test_interface" name="test_elementwise_operations[ops1-subtract-defer-TestEagerTensor-a4-True]" time="0.001" /><testcase classname="tests.test_interface" name="test_elementwise_operations[ops1-subtract-defer-defer-a0-b0]" time="0.001" /><testcase classname="tests.test_interface" name="test_elementwise_operations[ops1-subtract-defer-defer-a1-b1]" time="0.001" /><testcase classname="tests.test_interface" name="test_elementwise_operations[ops1-subtract-defer-defer-a2-2]" time="0.001" /><testcase classname="tests.test_interface" name="test_elementwise_operations[ops1-subtract-defer-defer-3-b3]" time="0.001" /><testcase classname="tests.test_interface" name="test_elementwise_operations[ops1-subtract-defer-defer-a4-True]" time="0.001" /><testcase classname="tests.test_interface" name="test_elementwise_operations[ops2-multiply-&lt;lambda&gt;-&lt;lambda&gt;-a0-b0]" time="0.001" /><testcase classname="tests.test_interface" name="test_elementwise_operations[ops2-multiply-&lt;lambda&gt;-&lt;lambda&gt;-a1-b1]" time="0.001" /><testcase classname="tests.test_interface" name="test_elementwise_operations[ops2-multiply-&lt;lambda&gt;-&lt;lambda&gt;-a2-2]" time="0.001" /><testcase classname="tests.test_interface" name="test_elementwise_operations[ops2-multiply-&lt;lambda&gt;-&lt;lambda&gt;-3-b3]" time="0.001" /><testcase classname="tests.test_interface" name="test_elementwise_operations[ops2-multiply-&lt;lambda&gt;-&lt;lambda&gt;-a4-True]" time="0.001" /><testcase classname="tests.test_interface" name="test_elementwise_operations[ops2-multiply-&lt;lambda&gt;-TestEagerTensor-a0-b0]" time="0.002" /><testcase classname="tests.test_interface" name="test_elementwise_operations[ops2-multiply-&lt;lambda&gt;-TestEagerTensor-a1-b1]" time="0.001" /><testcase classname="tests.test_interface" name="test_elementwise_operations[ops2-multiply-&lt;lambda&gt;-TestEagerTensor-a2-2]" time="0.001" /><testcase classname="tests.test_interface" name="test_elementwise_operations[ops2-multiply-&lt;lambda&gt;-TestEagerTensor-3-b3]" time="0.001" /><testcase classname="tests.test_interface" name="test_elementwise_operations[ops2-multiply-&lt;lambda&gt;-TestEagerTensor-a4-True]" time="0.001" /><testcase classname="tests.test_interface" name="test_elementwise_operations[ops2-multiply-&lt;lambda&gt;-defer-a0-b0]" time="0.001" /><testcase classname="tests.test_interface" name="test_elementwise_operations[ops2-multiply-&lt;lambda&gt;-defer-a1-b1]" time="0.001" /><testcase classname="tests.test_interface" name="test_elementwise_operations[ops2-multiply-&lt;lambda&gt;-defer-a2-2]" time="0.001" /><testcase classname="tests.test_interface" name="test_elementwise_operations[ops2-multiply-&lt;lambda&gt;-defer-3-b3]" time="0.001" /><testcase classname="tests.test_interface" name="test_elementwise_operations[ops2-multiply-&lt;lambda&gt;-defer-a4-True]" time="0.001" /><testcase classname="tests.test_interface" name="test_elementwise_operations[ops2-multiply-TestEagerTensor-&lt;lambda&gt;-a0-b0]" time="0.001" /><testcase classname="tests.test_interface" name="test_elementwise_operations[ops2-multiply-TestEagerTensor-&lt;lambda&gt;-a1-b1]" time="0.001" /><testcase classname="tests.test_interface" name="test_elementwise_operations[ops2-multiply-TestEagerTensor-&lt;lambda&gt;-a2-2]" time="0.001" /><testcase classname="tests.test_interface" name="test_elementwise_operations[ops2-multiply-TestEagerTensor-&lt;lambda&gt;-3-b3]" time="0.001" /><testcase classname="tests.test_interface" name="test_elementwise_operations[ops2-multiply-TestEagerTensor-&lt;lambda&gt;-a4-True]" time="0.001" /><testcase classname="tests.test_interface" name="test_elementwise_operations[ops2-multiply-TestEagerTensor-TestEagerTensor-a0-b0]" time="0.001" /><testcase classname="tests.test_interface" name="test_elementwise_operations[ops2-multiply-TestEagerTensor-TestEagerTensor-a1-b1]" time="0.001" /><testcase classname="tests.test_interface" name="test_elementwise_operations[ops2-multiply-TestEagerTensor-TestEagerTensor-a2-2]" time="0.001" /><testcase classname="tests.test_interface" name="test_elementwise_operations[ops2-multiply-TestEagerTensor-TestEagerTensor-3-b3]" time="0.001" /><testcase classname="tests.test_interface" name="test_elementwise_operations[ops2-multiply-TestEagerTensor-TestEagerTensor-a4-True]" time="0.001" /><testcase classname="tests.test_interface" name="test_elementwise_operations[ops2-multiply-TestEagerTensor-defer-a0-b0]" time="0.001" /><testcase classname="tests.test_interface" name="test_elementwise_operations[ops2-multiply-TestEagerTensor-defer-a1-b1]" time="0.001" /><testcase classname="tests.test_interface" name="test_elementwise_operations[ops2-multiply-TestEagerTensor-defer-a2-2]" time="0.001" /><testcase classname="tests.test_interface" name="test_elementwise_operations[ops2-multiply-TestEagerTensor-defer-3-b3]" time="0.001" /><testcase classname="tests.test_interface" name="test_elementwise_operations[ops2-multiply-TestEagerTensor-defer-a4-True]" time="0.001" /><testcase classname="tests.test_interface" name="test_elementwise_operations[ops2-multiply-defer-&lt;lambda&gt;-a0-b0]" time="0.001" /><testcase classname="tests.test_interface" name="test_elementwise_operations[ops2-multiply-defer-&lt;lambda&gt;-a1-b1]" time="0.001" /><testcase classname="tests.test_interface" name="test_elementwise_operations[ops2-multiply-defer-&lt;lambda&gt;-a2-2]" time="0.001" /><testcase classname="tests.test_interface" name="test_elementwise_operations[ops2-multiply-defer-&lt;lambda&gt;-3-b3]" time="0.001" /><testcase classname="tests.test_interface" name="test_elementwise_operations[ops2-multiply-defer-&lt;lambda&gt;-a4-True]" time="0.001" /><testcase classname="tests.test_interface" name="test_elementwise_operations[ops2-multiply-defer-TestEagerTensor-a0-b0]" time="0.001" /><testcase classname="tests.test_interface" name="test_elementwise_operations[ops2-multiply-defer-TestEagerTensor-a1-b1]" time="0.001" /><testcase classname="tests.test_interface" name="test_elementwise_operations[ops2-multiply-defer-TestEagerTensor-a2-2]" time="0.001" /><testcase classname="tests.test_interface" name="test_elementwise_operations[ops2-multiply-defer-TestEagerTensor-3-b3]" time="0.002" /><testcase classname="tests.test_interface" name="test_elementwise_operations[ops2-multiply-defer-TestEagerTensor-a4-True]" time="0.001" /><testcase classname="tests.test_interface" name="test_elementwise_operations[ops2-multiply-defer-defer-a0-b0]" time="0.001" /><testcase classname="tests.test_interface" name="test_elementwise_operations[ops2-multiply-defer-defer-a1-b1]" time="0.001" /><testcase classname="tests.test_interface" name="test_elementwise_operations[ops2-multiply-defer-defer-a2-2]" time="0.001" /><testcase classname="tests.test_interface" name="test_elementwise_operations[ops2-multiply-defer-defer-3-b3]" time="0.001" /><testcase classname="tests.test_interface" name="test_elementwise_operations[ops2-multiply-defer-defer-a4-True]" time="0.001" /><testcase classname="tests.test_interface" name="test_elementwise_operations[ops3-bitwise_and-&lt;lambda&gt;-&lt;lambda&gt;-a0-b0]" time="0.001" /><testcase classname="tests.test_interface" name="test_elementwise_operations[ops3-bitwise_and-&lt;lambda&gt;-&lt;lambda&gt;-a1-b1]" time="0.001" /><testcase classname="tests.test_interface" name="test_elementwise_operations[ops3-bitwise_and-&lt;lambda&gt;-&lt;lambda&gt;-a2-2]" time="0.001" /><testcase classname="tests.test_interface" name="test_elementwise_operations[ops3-bitwise_and-&lt;lambda&gt;-&lt;lambda&gt;-3-b3]" time="0.001" /><testcase classname="tests.test_interface" name="test_elementwise_operations[ops3-bitwise_and-&lt;lambda&gt;-&lt;lambda&gt;-a4-True]" time="0.001" /><testcase classname="tests.test_interface" name="test_elementwise_operations[ops3-bitwise_and-&lt;lambda&gt;-TestEagerTensor-a0-b0]" time="0.001" /><testcase classname="tests.test_interface" name="test_elementwise_operations[ops3-bitwise_and-&lt;lambda&gt;-TestEagerTensor-a1-b1]" time="0.002" /><testcase classname="tests.test_interface" name="test_elementwise_operations[ops3-bitwise_and-&lt;lambda&gt;-TestEagerTensor-a2-2]" time="0.001" /><testcase classname="tests.test_interface" name="test_elementwise_operations[ops3-bitwise_and-&lt;lambda&gt;-TestEagerTensor-3-b3]" time="0.001" /><testcase classname="tests.test_interface" name="test_elementwise_operations[ops3-bitwise_and-&lt;lambda&gt;-TestEagerTensor-a4-True]" time="0.001" /><testcase classname="tests.test_interface" name="test_elementwise_operations[ops3-bitwise_and-&lt;lambda&gt;-defer-a0-b0]" time="0.001" /><testcase classname="tests.test_interface" name="test_elementwise_operations[ops3-bitwise_and-&lt;lambda&gt;-defer-a1-b1]" time="0.001" /><testcase classname="tests.test_interface" name="test_elementwise_operations[ops3-bitwise_and-&lt;lambda&gt;-defer-a2-2]" time="0.001" /><testcase classname="tests.test_interface" name="test_elementwise_operations[ops3-bitwise_and-&lt;lambda&gt;-defer-3-b3]" time="0.001" /><testcase classname="tests.test_interface" name="test_elementwise_operations[ops3-bitwise_and-&lt;lambda&gt;-defer-a4-True]" time="0.001" /><testcase classname="tests.test_interface" name="test_elementwise_operations[ops3-bitwise_and-TestEagerTensor-&lt;lambda&gt;-a0-b0]" time="0.001" /><testcase classname="tests.test_interface" name="test_elementwise_operations[ops3-bitwise_and-TestEagerTensor-&lt;lambda&gt;-a1-b1]" time="0.001" /><testcase classname="tests.test_interface" name="test_elementwise_operations[ops3-bitwise_and-TestEagerTensor-&lt;lambda&gt;-a2-2]" time="0.002" /><testcase classname="tests.test_interface" name="test_elementwise_operations[ops3-bitwise_and-TestEagerTensor-&lt;lambda&gt;-3-b3]" time="0.001" /><testcase classname="tests.test_interface" name="test_elementwise_operations[ops3-bitwise_and-TestEagerTensor-&lt;lambda&gt;-a4-True]" time="0.001" /><testcase classname="tests.test_interface" name="test_elementwise_operations[ops3-bitwise_and-TestEagerTensor-TestEagerTensor-a0-b0]" time="0.001" /><testcase classname="tests.test_interface" name="test_elementwise_operations[ops3-bitwise_and-TestEagerTensor-TestEagerTensor-a1-b1]" time="0.001" /><testcase classname="tests.test_interface" name="test_elementwise_operations[ops3-bitwise_and-TestEagerTensor-TestEagerTensor-a2-2]" time="0.001" /><testcase classname="tests.test_interface" name="test_elementwise_operations[ops3-bitwise_and-TestEagerTensor-TestEagerTensor-3-b3]" time="0.001" /><testcase classname="tests.test_interface" name="test_elementwise_operations[ops3-bitwise_and-TestEagerTensor-TestEagerTensor-a4-True]" time="0.001" /><testcase classname="tests.test_interface" name="test_elementwise_operations[ops3-bitwise_and-TestEagerTensor-defer-a0-b0]" time="0.001" /><testcase classname="tests.test_interface" name="test_elementwise_operations[ops3-bitwise_and-TestEagerTensor-defer-a1-b1]" time="0.001" /><testcase classname="tests.test_interface" name="test_elementwise_operations[ops3-bitwise_and-TestEagerTensor-defer-a2-2]" time="0.001" /><testcase classname="tests.test_interface" name="test_elementwise_operations[ops3-bitwise_and-TestEagerTensor-defer-3-b3]" time="0.001" /><testcase classname="tests.test_interface" name="test_elementwise_operations[ops3-bitwise_and-TestEagerTensor-defer-a4-True]" time="0.001" /><testcase classname="tests.test_interface" name="test_elementwise_operations[ops3-bitwise_and-defer-&lt;lambda&gt;-a0-b0]" time="0.001" /><testcase classname="tests.test_interface" name="test_elementwise_operations[ops3-bitwise_and-defer-&lt;lambda&gt;-a1-b1]" time="0.001" /><testcase classname="tests.test_interface" name="test_elementwise_operations[ops3-bitwise_and-defer-&lt;lambda&gt;-a2-2]" time="0.001" /><testcase classname="tests.test_interface" name="test_elementwise_operations[ops3-bitwise_and-defer-&lt;lambda&gt;-3-b3]" time="0.001" /><testcase classname="tests.test_interface" name="test_elementwise_operations[ops3-bitwise_and-defer-&lt;lambda&gt;-a4-True]" time="0.001" /><testcase classname="tests.test_interface" name="test_elementwise_operations[ops3-bitwise_and-defer-TestEagerTensor-a0-b0]" time="0.001" /><testcase classname="tests.test_interface" name="test_elementwise_operations[ops3-bitwise_and-defer-TestEagerTensor-a1-b1]" time="0.001" /><testcase classname="tests.test_interface" name="test_elementwise_operations[ops3-bitwise_and-defer-TestEagerTensor-a2-2]" time="0.001" /><testcase classname="tests.test_interface" name="test_elementwise_operations[ops3-bitwise_and-defer-TestEagerTensor-3-b3]" time="0.001" /><testcase classname="tests.test_interface" name="test_elementwise_operations[ops3-bitwise_and-defer-TestEagerTensor-a4-True]" time="0.001" /><testcase classname="tests.test_interface" name="test_elementwise_operations[ops3-bitwise_and-defer-defer-a0-b0]" time="0.001" /><testcase classname="tests.test_interface" name="test_elementwise_operations[ops3-bitwise_and-defer-defer-a1-b1]" time="0.001" /><testcase classname="tests.test_interface" name="test_elementwise_operations[ops3-bitwise_and-defer-defer-a2-2]" time="0.001" /><testcase classname="tests.test_interface" name="test_elementwise_operations[ops3-bitwise_and-defer-defer-3-b3]" time="0.001" /><testcase classname="tests.test_interface" name="test_elementwise_operations[ops3-bitwise_and-defer-defer-a4-True]" time="0.001" /><testcase classname="tests.test_interface" name="test_elementwise_operations[ops4-bitwise_or-&lt;lambda&gt;-&lt;lambda&gt;-a0-b0]" time="0.001" /><testcase classname="tests.test_interface" name="test_elementwise_operations[ops4-bitwise_or-&lt;lambda&gt;-&lt;lambda&gt;-a1-b1]" time="0.001" /><testcase classname="tests.test_interface" name="test_elementwise_operations[ops4-bitwise_or-&lt;lambda&gt;-&lt;lambda&gt;-a2-2]" time="0.001" /><testcase classname="tests.test_interface" name="test_elementwise_operations[ops4-bitwise_or-&lt;lambda&gt;-&lt;lambda&gt;-3-b3]" time="0.001" /><testcase classname="tests.test_interface" name="test_elementwise_operations[ops4-bitwise_or-&lt;lambda&gt;-&lt;lambda&gt;-a4-True]" time="0.001" /><testcase classname="tests.test_interface" name="test_elementwise_operations[ops4-bitwise_or-&lt;lambda&gt;-TestEagerTensor-a0-b0]" time="0.001" /><testcase classname="tests.test_interface" name="test_elementwise_operations[ops4-bitwise_or-&lt;lambda&gt;-TestEagerTensor-a1-b1]" time="0.001" /><testcase classname="tests.test_interface" name="test_elementwise_operations[ops4-bitwise_or-&lt;lambda&gt;-TestEagerTensor-a2-2]" time="0.001" /><testcase classname="tests.test_interface" name="test_elementwise_operations[ops4-bitwise_or-&lt;lambda&gt;-TestEagerTensor-3-b3]" time="0.001" /><testcase classname="tests.test_interface" name="test_elementwise_operations[ops4-bitwise_or-&lt;lambda&gt;-TestEagerTensor-a4-True]" time="0.001" /><testcase classname="tests.test_interface" name="test_elementwise_operations[ops4-bitwise_or-&lt;lambda&gt;-defer-a0-b0]" time="0.001" /><testcase classname="tests.test_interface" name="test_elementwise_operations[ops4-bitwise_or-&lt;lambda&gt;-defer-a1-b1]" time="0.001" /><testcase classname="tests.test_interface" name="test_elementwise_operations[ops4-bitwise_or-&lt;lambda&gt;-defer-a2-2]" time="0.001" /><testcase classname="tests.test_interface" name="test_elementwise_operations[ops4-bitwise_or-&lt;lambda&gt;-defer-3-b3]" time="0.001" /><testcase classname="tests.test_interface" name="test_elementwise_operations[ops4-bitwise_or-&lt;lambda&gt;-defer-a4-True]" time="0.001" /><testcase classname="tests.test_interface" name="test_elementwise_operations[ops4-bitwise_or-TestEagerTensor-&lt;lambda&gt;-a0-b0]" time="0.001" /><testcase classname="tests.test_interface" name="test_elementwise_operations[ops4-bitwise_or-TestEagerTensor-&lt;lambda&gt;-a1-b1]" time="0.001" /><testcase classname="tests.test_interface" name="test_elementwise_operations[ops4-bitwise_or-TestEagerTensor-&lt;lambda&gt;-a2-2]" time="0.001" /><testcase classname="tests.test_interface" name="test_elementwise_operations[ops4-bitwise_or-TestEagerTensor-&lt;lambda&gt;-3-b3]" time="0.001" /><testcase classname="tests.test_interface" name="test_elementwise_operations[ops4-bitwise_or-TestEagerTensor-&lt;lambda&gt;-a4-True]" time="0.001" /><testcase classname="tests.test_interface" name="test_elementwise_operations[ops4-bitwise_or-TestEagerTensor-TestEagerTensor-a0-b0]" time="0.001" /><testcase classname="tests.test_interface" name="test_elementwise_operations[ops4-bitwise_or-TestEagerTensor-TestEagerTensor-a1-b1]" time="0.001" /><testcase classname="tests.test_interface" name="test_elementwise_operations[ops4-bitwise_or-TestEagerTensor-TestEagerTensor-a2-2]" time="0.001" /><testcase classname="tests.test_interface" name="test_elementwise_operations[ops4-bitwise_or-TestEagerTensor-TestEagerTensor-3-b3]" time="0.001" /><testcase classname="tests.test_interface" name="test_elementwise_operations[ops4-bitwise_or-TestEagerTensor-TestEagerTensor-a4-True]" time="0.001" /><testcase classname="tests.test_interface" name="test_elementwise_operations[ops4-bitwise_or-TestEagerTensor-defer-a0-b0]" time="0.001" /><testcase classname="tests.test_interface" name="test_elementwise_operations[ops4-bitwise_or-TestEagerTensor-defer-a1-b1]" time="0.001" /><testcase classname="tests.test_interface" name="test_elementwise_operations[ops4-bitwise_or-TestEagerTensor-defer-a2-2]" time="0.001" /><testcase classname="tests.test_interface" name="test_elementwise_operations[ops4-bitwise_or-TestEagerTensor-defer-3-b3]" time="0.001" /><testcase classname="tests.test_interface" name="test_elementwise_operations[ops4-bitwise_or-TestEagerTensor-defer-a4-True]" time="0.001" /><testcase classname="tests.test_interface" name="test_elementwise_operations[ops4-bitwise_or-defer-&lt;lambda&gt;-a0-b0]" time="0.001" /><testcase classname="tests.test_interface" name="test_elementwise_operations[ops4-bitwise_or-defer-&lt;lambda&gt;-a1-b1]" time="0.001" /><testcase classname="tests.test_interface" name="test_elementwise_operations[ops4-bitwise_or-defer-&lt;lambda&gt;-a2-2]" time="0.001" /><testcase classname="tests.test_interface" name="test_elementwise_operations[ops4-bitwise_or-defer-&lt;lambda&gt;-3-b3]" time="0.001" /><testcase classname="tests.test_interface" name="test_elementwise_operations[ops4-bitwise_or-defer-&lt;lambda&gt;-a4-True]" time="0.001" /><testcase classname="tests.test_interface" name="test_elementwise_operations[ops4-bitwise_or-defer-TestEagerTensor-a0-b0]" time="0.001" /><testcase classname="tests.test_interface" name="test_elementwise_operations[ops4-bitwise_or-defer-TestEagerTensor-a1-b1]" time="0.001" /><testcase classname="tests.test_interface" name="test_elementwise_operations[ops4-bitwise_or-defer-TestEagerTensor-a2-2]" time="0.001" /><testcase classname="tests.test_interface" name="test_elementwise_operations[ops4-bitwise_or-defer-TestEagerTensor-3-b3]" time="0.001" /><testcase classname="tests.test_interface" name="test_elementwise_operations[ops4-bitwise_or-defer-TestEagerTensor-a4-True]" time="0.001" /><testcase classname="tests.test_interface" name="test_elementwise_operations[ops4-bitwise_or-defer-defer-a0-b0]" time="0.001" /><testcase classname="tests.test_interface" name="test_elementwise_operations[ops4-bitwise_or-defer-defer-a1-b1]" time="0.001" /><testcase classname="tests.test_interface" name="test_elementwise_operations[ops4-bitwise_or-defer-defer-a2-2]" time="0.001" /><testcase classname="tests.test_interface" name="test_elementwise_operations[ops4-bitwise_or-defer-defer-3-b3]" time="0.001" /><testcase classname="tests.test_interface" name="test_elementwise_operations[ops4-bitwise_or-defer-defer-a4-True]" time="0.001" /><testcase classname="tests.test_interface" name="test_elementwise_operations[ops5-bitwise_xor-&lt;lambda&gt;-&lt;lambda&gt;-a0-b0]" time="0.001" /><testcase classname="tests.test_interface" name="test_elementwise_operations[ops5-bitwise_xor-&lt;lambda&gt;-&lt;lambda&gt;-a1-b1]" time="0.001" /><testcase classname="tests.test_interface" name="test_elementwise_operations[ops5-bitwise_xor-&lt;lambda&gt;-&lt;lambda&gt;-a2-2]" time="0.001" /><testcase classname="tests.test_interface" name="test_elementwise_operations[ops5-bitwise_xor-&lt;lambda&gt;-&lt;lambda&gt;-3-b3]" time="0.001" /><testcase classname="tests.test_interface" name="test_elementwise_operations[ops5-bitwise_xor-&lt;lambda&gt;-&lt;lambda&gt;-a4-True]" time="0.001" /><testcase classname="tests.test_interface" name="test_elementwise_operations[ops5-bitwise_xor-&lt;lambda&gt;-TestEagerTensor-a0-b0]" time="0.001" /><testcase classname="tests.test_interface" name="test_elementwise_operations[ops5-bitwise_xor-&lt;lambda&gt;-TestEagerTensor-a1-b1]" time="0.001" /><testcase classname="tests.test_interface" name="test_elementwise_operations[ops5-bitwise_xor-&lt;lambda&gt;-TestEagerTensor-a2-2]" time="0.001" /><testcase classname="tests.test_interface" name="test_elementwise_operations[ops5-bitwise_xor-&lt;lambda&gt;-TestEagerTensor-3-b3]" time="0.001" /><testcase classname="tests.test_interface" name="test_elementwise_operations[ops5-bitwise_xor-&lt;lambda&gt;-TestEagerTensor-a4-True]" time="0.001" /><testcase classname="tests.test_interface" name="test_elementwise_operations[ops5-bitwise_xor-&lt;lambda&gt;-defer-a0-b0]" time="0.001" /><testcase classname="tests.test_interface" name="test_elementwise_operations[ops5-bitwise_xor-&lt;lambda&gt;-defer-a1-b1]" time="0.001" /><testcase classname="tests.test_interface" name="test_elementwise_operations[ops5-bitwise_xor-&lt;lambda&gt;-defer-a2-2]" time="0.001" /><testcase classname="tests.test_interface" name="test_elementwise_operations[ops5-bitwise_xor-&lt;lambda&gt;-defer-3-b3]" time="0.001" /><testcase classname="tests.test_interface" name="test_elementwise_operations[ops5-bitwise_xor-&lt;lambda&gt;-defer-a4-True]" time="0.001" /><testcase classname="tests.test_interface" name="test_elementwise_operations[ops5-bitwise_xor-TestEagerTensor-&lt;lambda&gt;-a0-b0]" time="0.001" /><testcase classname="tests.test_interface" name="test_elementwise_operations[ops5-bitwise_xor-TestEagerTensor-&lt;lambda&gt;-a1-b1]" time="0.001" /><testcase classname="tests.test_interface" name="test_elementwise_operations[ops5-bitwise_xor-TestEagerTensor-&lt;lambda&gt;-a2-2]" time="0.001" /><testcase classname="tests.test_interface" name="test_elementwise_operations[ops5-bitwise_xor-TestEagerTensor-&lt;lambda&gt;-3-b3]" time="0.001" /><testcase classname="tests.test_interface" name="test_elementwise_operations[ops5-bitwise_xor-TestEagerTensor-&lt;lambda&gt;-a4-True]" time="0.002" /><testcase classname="tests.test_interface" name="test_elementwise_operations[ops5-bitwise_xor-TestEagerTensor-TestEagerTensor-a0-b0]" time="0.001" /><testcase classname="tests.test_interface" name="test_elementwise_operations[ops5-bitwise_xor-TestEagerTensor-TestEagerTensor-a1-b1]" time="0.001" /><testcase classname="tests.test_interface" name="test_elementwise_operations[ops5-bitwise_xor-TestEagerTensor-TestEagerTensor-a2-2]" time="0.001" /><testcase classname="tests.test_interface" name="test_elementwise_operations[ops5-bitwise_xor-TestEagerTensor-TestEagerTensor-3-b3]" time="0.001" /><testcase classname="tests.test_interface" name="test_elementwise_operations[ops5-bitwise_xor-TestEagerTensor-TestEagerTensor-a4-True]" time="0.001" /><testcase classname="tests.test_interface" name="test_elementwise_operations[ops5-bitwise_xor-TestEagerTensor-defer-a0-b0]" time="0.001" /><testcase classname="tests.test_interface" name="test_elementwise_operations[ops5-bitwise_xor-TestEagerTensor-defer-a1-b1]" time="0.001" /><testcase classname="tests.test_interface" name="test_elementwise_operations[ops5-bitwise_xor-TestEagerTensor-defer-a2-2]" time="0.001" /><testcase classname="tests.test_interface" name="test_elementwise_operations[ops5-bitwise_xor-TestEagerTensor-defer-3-b3]" time="0.001" /><testcase classname="tests.test_interface" name="test_elementwise_operations[ops5-bitwise_xor-TestEagerTensor-defer-a4-True]" time="0.001" /><testcase classname="tests.test_interface" name="test_elementwise_operations[ops5-bitwise_xor-defer-&lt;lambda&gt;-a0-b0]" time="0.001" /><testcase classname="tests.test_interface" name="test_elementwise_operations[ops5-bitwise_xor-defer-&lt;lambda&gt;-a1-b1]" time="0.001" /><testcase classname="tests.test_interface" name="test_elementwise_operations[ops5-bitwise_xor-defer-&lt;lambda&gt;-a2-2]" time="0.001" /><testcase classname="tests.test_interface" name="test_elementwise_operations[ops5-bitwise_xor-defer-&lt;lambda&gt;-3-b3]" time="0.001" /><testcase classname="tests.test_interface" name="test_elementwise_operations[ops5-bitwise_xor-defer-&lt;lambda&gt;-a4-True]" time="0.001" /><testcase classname="tests.test_interface" name="test_elementwise_operations[ops5-bitwise_xor-defer-TestEagerTensor-a0-b0]" time="0.001" /><testcase classname="tests.test_interface" name="test_elementwise_operations[ops5-bitwise_xor-defer-TestEagerTensor-a1-b1]" time="0.001" /><testcase classname="tests.test_interface" name="test_elementwise_operations[ops5-bitwise_xor-defer-TestEagerTensor-a2-2]" time="0.001" /><testcase classname="tests.test_interface" name="test_elementwise_operations[ops5-bitwise_xor-defer-TestEagerTensor-3-b3]" time="0.001" /><testcase classname="tests.test_interface" name="test_elementwise_operations[ops5-bitwise_xor-defer-TestEagerTensor-a4-True]" time="0.001" /><testcase classname="tests.test_interface" name="test_elementwise_operations[ops5-bitwise_xor-defer-defer-a0-b0]" time="0.001" /><testcase classname="tests.test_interface" name="test_elementwise_operations[ops5-bitwise_xor-defer-defer-a1-b1]" time="0.001" /><testcase classname="tests.test_interface" name="test_elementwise_operations[ops5-bitwise_xor-defer-defer-a2-2]" time="0.001" /><testcase classname="tests.test_interface" name="test_elementwise_operations[ops5-bitwise_xor-defer-defer-3-b3]" time="0.001" /><testcase classname="tests.test_interface" name="test_elementwise_operations[ops5-bitwise_xor-defer-defer-a4-True]" time="0.001" /><testcase classname="tests.test_interface" name="test_elementwise_operations[ops6-left_shift-&lt;lambda&gt;-&lt;lambda&gt;-a0-b0]" time="0.001" /><testcase classname="tests.test_interface" name="test_elementwise_operations[ops6-left_shift-&lt;lambda&gt;-&lt;lambda&gt;-a1-b1]" time="0.001" /><testcase classname="tests.test_interface" name="test_elementwise_operations[ops6-left_shift-&lt;lambda&gt;-&lt;lambda&gt;-a2-2]" time="0.001" /><testcase classname="tests.test_interface" name="test_elementwise_operations[ops6-left_shift-&lt;lambda&gt;-&lt;lambda&gt;-3-b3]" time="0.001" /><testcase classname="tests.test_interface" name="test_elementwise_operations[ops6-left_shift-&lt;lambda&gt;-&lt;lambda&gt;-a4-True]" time="0.001" /><testcase classname="tests.test_interface" name="test_elementwise_operations[ops6-left_shift-&lt;lambda&gt;-TestEagerTensor-a0-b0]" time="0.001" /><testcase classname="tests.test_interface" name="test_elementwise_operations[ops6-left_shift-&lt;lambda&gt;-TestEagerTensor-a1-b1]" time="0.001" /><testcase classname="tests.test_interface" name="test_elementwise_operations[ops6-left_shift-&lt;lambda&gt;-TestEagerTensor-a2-2]" time="0.001" /><testcase classname="tests.test_interface" name="test_elementwise_operations[ops6-left_shift-&lt;lambda&gt;-TestEagerTensor-3-b3]" time="0.001" /><testcase classname="tests.test_interface" name="test_elementwise_operations[ops6-left_shift-&lt;lambda&gt;-TestEagerTensor-a4-True]" time="0.001" /><testcase classname="tests.test_interface" name="test_elementwise_operations[ops6-left_shift-&lt;lambda&gt;-defer-a0-b0]" time="0.001" /><testcase classname="tests.test_interface" name="test_elementwise_operations[ops6-left_shift-&lt;lambda&gt;-defer-a1-b1]" time="0.001" /><testcase classname="tests.test_interface" name="test_elementwise_operations[ops6-left_shift-&lt;lambda&gt;-defer-a2-2]" time="0.001" /><testcase classname="tests.test_interface" name="test_elementwise_operations[ops6-left_shift-&lt;lambda&gt;-defer-3-b3]" time="0.001" /><testcase classname="tests.test_interface" name="test_elementwise_operations[ops6-left_shift-&lt;lambda&gt;-defer-a4-True]" time="0.001" /><testcase classname="tests.test_interface" name="test_elementwise_operations[ops6-left_shift-TestEagerTensor-&lt;lambda&gt;-a0-b0]" time="0.001" /><testcase classname="tests.test_interface" name="test_elementwise_operations[ops6-left_shift-TestEagerTensor-&lt;lambda&gt;-a1-b1]" time="0.001" /><testcase classname="tests.test_interface" name="test_elementwise_operations[ops6-left_shift-TestEagerTensor-&lt;lambda&gt;-a2-2]" time="0.001" /><testcase classname="tests.test_interface" name="test_elementwise_operations[ops6-left_shift-TestEagerTensor-&lt;lambda&gt;-3-b3]" time="0.001" /><testcase classname="tests.test_interface" name="test_elementwise_operations[ops6-left_shift-TestEagerTensor-&lt;lambda&gt;-a4-True]" time="0.001" /><testcase classname="tests.test_interface" name="test_elementwise_operations[ops6-left_shift-TestEagerTensor-TestEagerTensor-a0-b0]" time="0.001" /><testcase classname="tests.test_interface" name="test_elementwise_operations[ops6-left_shift-TestEagerTensor-TestEagerTensor-a1-b1]" time="0.002" /><testcase classname="tests.test_interface" name="test_elementwise_operations[ops6-left_shift-TestEagerTensor-TestEagerTensor-a2-2]" time="0.001" /><testcase classname="tests.test_interface" name="test_elementwise_operations[ops6-left_shift-TestEagerTensor-TestEagerTensor-3-b3]" time="0.001" /><testcase classname="tests.test_interface" name="test_elementwise_operations[ops6-left_shift-TestEagerTensor-TestEagerTensor-a4-True]" time="0.001" /><testcase classname="tests.test_interface" name="test_elementwise_operations[ops6-left_shift-TestEagerTensor-defer-a0-b0]" time="0.001" /><testcase classname="tests.test_interface" name="test_elementwise_operations[ops6-left_shift-TestEagerTensor-defer-a1-b1]" time="0.001" /><testcase classname="tests.test_interface" name="test_elementwise_operations[ops6-left_shift-TestEagerTensor-defer-a2-2]" time="0.001" /><testcase classname="tests.test_interface" name="test_elementwise_operations[ops6-left_shift-TestEagerTensor-defer-3-b3]" time="0.001" /><testcase classname="tests.test_interface" name="test_elementwise_operations[ops6-left_shift-TestEagerTensor-defer-a4-True]" time="0.001" /><testcase classname="tests.test_interface" name="test_elementwise_operations[ops6-left_shift-defer-&lt;lambda&gt;-a0-b0]" time="0.001" /><testcase classname="tests.test_interface" name="test_elementwise_operations[ops6-left_shift-defer-&lt;lambda&gt;-a1-b1]" time="0.001" /><testcase classname="tests.test_interface" name="test_elementwise_operations[ops6-left_shift-defer-&lt;lambda&gt;-a2-2]" time="0.001" /><testcase classname="tests.test_interface" name="test_elementwise_operations[ops6-left_shift-defer-&lt;lambda&gt;-3-b3]" time="0.001" /><testcase classname="tests.test_interface" name="test_elementwise_operations[ops6-left_shift-defer-&lt;lambda&gt;-a4-True]" time="0.001" /><testcase classname="tests.test_interface" name="test_elementwise_operations[ops6-left_shift-defer-TestEagerTensor-a0-b0]" time="0.001" /><testcase classname="tests.test_interface" name="test_elementwise_operations[ops6-left_shift-defer-TestEagerTensor-a1-b1]" time="0.001" /><testcase classname="tests.test_interface" name="test_elementwise_operations[ops6-left_shift-defer-TestEagerTensor-a2-2]" time="0.001" /><testcase classname="tests.test_interface" name="test_elementwise_operations[ops6-left_shift-defer-TestEagerTensor-3-b3]" time="0.001" /><testcase classname="tests.test_interface" name="test_elementwise_operations[ops6-left_shift-defer-TestEagerTensor-a4-True]" time="0.001" /><testcase classname="tests.test_interface" name="test_elementwise_operations[ops6-left_shift-def
[...]
.test_interface" name="test_moveaxis[&lt;lambda&gt;-shape5-source5-destination5]" time="0.000" /><testcase classname="tests.test_interface" name="test_moveaxis[TestEagerTensor-shape0-0--3]" time="0.001" /><testcase classname="tests.test_interface" name="test_moveaxis[TestEagerTensor-shape1--1--2]" time="0.001" /><testcase classname="tests.test_interface" name="test_moveaxis[TestEagerTensor-shape2-source2-destination2]" time="0.001" /><testcase classname="tests.test_interface" name="test_moveaxis[TestEagerTensor-shape3-source3-destination3]" time="0.001" /><testcase classname="tests.test_interface" name="test_moveaxis[TestEagerTensor-shape4-source4-destination4]" time="0.000" /><testcase classname="tests.test_interface" name="test_moveaxis[TestEagerTensor-shape5-source5-destination5]" time="0.000" /><testcase classname="tests.test_interface" name="test_moveaxis[defer-shape0-0--3]" time="0.001" /><testcase classname="tests.test_interface" name="test_moveaxis[defer-shape1--1--2]" time="0.001" /><testcase classname="tests.test_interface" name="test_moveaxis[defer-shape2-source2-destination2]" time="0.001" /><testcase classname="tests.test_interface" name="test_moveaxis[defer-shape3-source3-destination3]" time="0.001" /><testcase classname="tests.test_interface" name="test_moveaxis[defer-shape4-source4-destination4]" time="0.000" /><testcase classname="tests.test_interface" name="test_moveaxis[defer-shape5-source5-destination5]" time="0.001" /><testcase classname="tests.test_interface" name="test_stack[&lt;lambda&gt;-shapes_and_types0-0]" time="0.002" /><testcase classname="tests.test_interface" name="test_stack[&lt;lambda&gt;-shapes_and_types1-1]" time="0.002" /><testcase classname="tests.test_interface" name="test_stack[&lt;lambda&gt;-shapes_and_types2--1]" time="0.002" /><testcase classname="tests.test_interface" name="test_stack[&lt;lambda&gt;-shapes_and_types3-0]" time="0.002" /><testcase classname="tests.test_interface" name="test_stack[&lt;lambda&gt;-shapes_and_types4-0]" time="0.002" /><testcase classname="tests.test_interface" name="test_stack[&lt;lambda&gt;-shapes_and_types5-0]" time="0.001" /><testcase classname="tests.test_interface" name="test_stack[&lt;lambda&gt;-shapes_and_types6-0]" time="0.001" /><testcase classname="tests.test_interface" name="test_stack[&lt;lambda&gt;-shapes_and_types7-0]" time="0.001" /><testcase classname="tests.test_interface" name="test_stack[&lt;lambda&gt;-shapes_and_types8-3]" time="0.000" /><testcase classname="tests.test_interface" name="test_stack[&lt;lambda&gt;-shapes_and_types9--4]" time="0.000" /><testcase classname="tests.test_interface" name="test_stack[TestEagerTensor-shapes_and_types0-0]" time="0.002" /><testcase classname="tests.test_interface" name="test_stack[TestEagerTensor-shapes_and_types1-1]" time="0.002" /><testcase classname="tests.test_interface" name="test_stack[TestEagerTensor-shapes_and_types2--1]" time="0.002" /><testcase classname="tests.test_interface" name="test_stack[TestEagerTensor-shapes_and_types3-0]" time="0.002" /><testcase classname="tests.test_interface" name="test_stack[TestEagerTensor-shapes_and_types4-0]" time="0.002" /><testcase classname="tests.test_interface" name="test_stack[TestEagerTensor-shapes_and_types5-0]" time="0.001" /><testcase classname="tests.test_interface" name="test_stack[TestEagerTensor-shapes_and_types6-0]" time="0.001" /><testcase classname="tests.test_interface" name="test_stack[TestEagerTensor-shapes_and_types7-0]" time="0.001" /><testcase classname="tests.test_interface" name="test_stack[TestEagerTensor-shapes_and_types8-3]" time="0.001" /><testcase classname="tests.test_interface" name="test_stack[TestEagerTensor-shapes_and_types9--4]" time="0.000" /><testcase classname="tests.test_interface" name="test_stack[defer-shapes_and_types0-0]" time="0.002" /><testcase classname="tests.test_interface" name="test_stack[defer-shapes_and_types1-1]" time="0.002" /><testcase classname="tests.test_interface" name="test_stack[defer-shapes_and_types2--1]" time="0.002" /><testcase classname="tests.test_interface" name="test_stack[defer-shapes_and_types3-0]" time="0.002" /><testcase classname="tests.test_interface" name="test_stack[defer-shapes_and_types4-0]" time="0.002" /><testcase classname="tests.test_interface" name="test_stack[defer-shapes_and_types5-0]" time="0.001" /><testcase classname="tests.test_interface" name="test_stack[defer-shapes_and_types6-0]" time="0.001" /><testcase classname="tests.test_interface" name="test_stack[defer-shapes_and_types7-0]" time="0.001" /><testcase classname="tests.test_interface" name="test_stack[defer-shapes_and_types8-3]" time="0.000" /><testcase classname="tests.test_interface" name="test_stack[defer-shapes_and_types9--4]" time="0.001" /><testcase classname="tests.test_interface" name="test_split_dims[&lt;lambda&gt;-array_shape0-1-split_shape0-expected_shape0]" time="0.001" /><testcase classname="tests.test_interface" name="test_split_dims[&lt;lambda&gt;-array_shape1--1-split_shape1-expected_shape1]" time="0.001" /><testcase classname="tests.test_interface" name="test_split_dims[&lt;lambda&gt;-array_shape2-1-split_shape2-expected_shape2]" time="0.001" /><testcase classname="tests.test_interface" name="test_split_dims[&lt;lambda&gt;-array_shape3-0-split_shape3-expected_shape3]" time="0.001" /><testcase classname="tests.test_interface" name="test_split_dims[&lt;lambda&gt;-array_shape4-0-split_shape4-expected_shape4]" time="0.001" /><testcase classname="tests.test_interface" name="test_split_dims[&lt;lambda&gt;-array_shape5-1-split_shape5-expected_shape5]" time="0.001" /><testcase classname="tests.test_interface" name="test_split_dims[&lt;lambda&gt;-array_shape6-1-split_shape6-expected_shape6]" time="0.001" /><testcase classname="tests.test_interface" name="test_split_dims[TestEagerTensor-array_shape0-1-split_shape0-expected_shape0]" time="0.001" /><testcase classname="tests.test_interface" name="test_split_dims[TestEagerTensor-array_shape1--1-split_shape1-expected_shape1]" time="0.001" /><testcase classname="tests.test_interface" name="test_split_dims[TestEagerTensor-array_shape2-1-split_shape2-expected_shape2]" time="0.001" /><testcase classname="tests.test_interface" name="test_split_dims[TestEagerTensor-array_shape3-0-split_shape3-expected_shape3]" time="0.001" /><testcase classname="tests.test_interface" name="test_split_dims[TestEagerTensor-array_shape4-0-split_shape4-expected_shape4]" time="0.001" /><testcase classname="tests.test_interface" name="test_split_dims[TestEagerTensor-array_shape5-1-split_shape5-expected_shape5]" time="0.001" /><testcase classname="tests.test_interface" name="test_split_dims[TestEagerTensor-array_shape6-1-split_shape6-expected_shape6]" time="0.001" /><testcase classname="tests.test_interface" name="test_split_dims[defer-array_shape0-1-split_shape0-expected_shape0]" time="0.001" /><testcase classname="tests.test_interface" name="test_split_dims[defer-array_shape1--1-split_shape1-expected_shape1]" time="0.001" /><testcase classname="tests.test_interface" name="test_split_dims[defer-array_shape2-1-split_shape2-expected_shape2]" time="0.001" /><testcase classname="tests.test_interface" name="test_split_dims[defer-array_shape3-0-split_shape3-expected_shape3]" time="0.001" /><testcase classname="tests.test_interface" name="test_split_dims[defer-array_shape4-0-split_shape4-expected_shape4]" time="0.001" /><testcase classname="tests.test_interface" name="test_split_dims[defer-array_shape5-1-split_shape5-expected_shape5]" time="0.001" /><testcase classname="tests.test_interface" name="test_split_dims[defer-array_shape6-1-split_shape6-expected_shape6]" time="0.001" /><testcase classname="tests.test_interface" name="test_split_dims_errors[array_shape0-1-split_shape0]" time="0.000" /><testcase classname="tests.test_interface" name="test_split_dims_errors[array_shape1-2-split_shape1]" time="0.000" /><testcase classname="tests.test_interface" name="test_split_dims_errors[array_shape2--3-split_shape2]" time="0.000" /><testcase classname="tests.test_interface" name="test_split_dims_errors[array_shape3-1-split_shape3]" time="0.000" /><testcase classname="tests.test_interface" name="test_combine_dims[&lt;lambda&gt;-array_shape0-axes0-expected_shape0]" time="0.001" /><testcase classname="tests.test_interface" name="test_combine_dims[&lt;lambda&gt;-array_shape1-axes1-expected_shape1]" time="0.001" /><testcase classname="tests.test_interface" name="test_combine_dims[&lt;lambda&gt;-array_shape2-axes2-expected_shape2]" time="0.001" /><testcase classname="tests.test_interface" name="test_combine_dims[&lt;lambda&gt;-array_shape3-axes3-expected_shape3]" time="0.001" /><testcase classname="tests.test_interface" name="test_combine_dims[&lt;lambda&gt;-array_shape4-axes4-expected_shape4]" time="0.001" /><testcase classname="tests.test_interface" name="test_combine_dims[&lt;lambda&gt;-array_shape5-axes5-expected_shape5]" time="0.001" /><testcase classname="tests.test_interface" name="test_combine_dims[&lt;lambda&gt;-array_shape6-axes6-expected_shape6]" time="0.001" /><testcase classname="tests.test_interface" name="test_combine_dims[TestEagerTensor-array_shape0-axes0-expected_shape0]" time="0.001" /><testcase classname="tests.test_interface" name="test_combine_dims[TestEagerTensor-array_shape1-axes1-expected_shape1]" time="0.001" /><testcase classname="tests.test_interface" name="test_combine_dims[TestEagerTensor-array_shape2-axes2-expected_shape2]" time="0.001" /><testcase classname="tests.test_interface" name="test_combine_dims[TestEagerTensor-array_shape3-axes3-expected_shape3]" time="0.001" /><testcase classname="tests.test_interface" name="test_combine_dims[TestEagerTensor-array_shape4-axes4-expected_shape4]" time="0.001" /><testcase classname="tests.test_interface" name="test_combine_dims[TestEagerTensor-array_shape5-axes5-expected_shape5]" time="0.001" /><testcase classname="tests.test_interface" name="test_combine_dims[TestEagerTensor-array_shape6-axes6-expected_shape6]" time="0.001" /><testcase classname="tests.test_interface" name="test_combine_dims[defer-array_shape0-axes0-expected_shape0]" time="0.001" /><testcase classname="tests.test_interface" name="test_combine_dims[defer-array_shape1-axes1-expected_shape1]" time="0.001" /><testcase classname="tests.test_interface" name="test_combine_dims[defer-array_shape2-axes2-expected_shape2]" time="0.001" /><testcase classname="tests.test_interface" name="test_combine_dims[defer-array_shape3-axes3-expected_shape3]" time="0.001" /><testcase classname="tests.test_interface" name="test_combine_dims[defer-array_shape4-axes4-expected_shape4]" time="0.001" /><testcase classname="tests.test_interface" name="test_combine_dims[defer-array_shape5-axes5-expected_shape5]" time="0.001" /><testcase classname="tests.test_interface" name="test_combine_dims[defer-array_shape6-axes6-expected_shape6]" time="0.001" /><testcase classname="tests.test_interface" name="test_combine_dims_errors[array_shape0-axes0]" time="0.000" /><testcase classname="tests.test_interface" name="test_combine_dims_errors[array_shape1-axes1]" time="0.000" /><testcase classname="tests.test_interface" name="test_combine_dims_errors[array_shape2-axes2]" time="0.000" /><testcase classname="tests.test_interface" name="test_combine_dims_errors[array_shape3-axes3]" time="0.000" /><testcase classname="tests.test_interface" name="test_combine_dims_errors[array_shape4-axes4]" time="0.000" /><testcase classname="tests.test_interface" name="test_flatten[&lt;lambda&gt;-array_shape0-expected_shape0]" time="0.001" /><testcase classname="tests.test_interface" name="test_flatten[&lt;lambda&gt;-array_shape1-expected_shape1]" time="0.001" /><testcase classname="tests.test_interface" name="test_flatten[&lt;lambda&gt;-array_shape2-expected_shape2]" time="0.001" /><testcase classname="tests.test_interface" name="test_flatten[&lt;lambda&gt;-array_shape3-expected_shape3]" time="0.000" /><testcase classname="tests.test_interface" name="test_flatten[&lt;lambda&gt;-array_shape4-expected_shape4]" time="0.001" /><testcase classname="tests.test_interface" name="test_flatten[&lt;lambda&gt;-array_shape5-expected_shape5]" time="0.001" /><testcase classname="tests.test_interface" name="test_flatten[TestEagerTensor-array_shape0-expected_shape0]" time="0.001" /><testcase classname="tests.test_interface" name="test_flatten[TestEagerTensor-array_shape1-expected_shape1]" time="0.001" /><testcase classname="tests.test_interface" name="test_flatten[TestEagerTensor-array_shape2-expected_shape2]" time="0.001" /><testcase classname="tests.test_interface" name="test_flatten[TestEagerTensor-array_shape3-expected_shape3]" time="0.000" /><testcase classname="tests.test_interface" name="test_flatten[TestEagerTensor-array_shape4-expected_shape4]" time="0.001" /><testcase classname="tests.test_interface" name="test_flatten[TestEagerTensor-array_shape5-expected_shape5]" time="0.001" /><testcase classname="tests.test_interface" name="test_flatten[defer-array_shape0-expected_shape0]" time="0.001" /><testcase classname="tests.test_interface" name="test_flatten[defer-array_shape1-expected_shape1]" time="0.001" /><testcase classname="tests.test_interface" name="test_flatten[defer-array_shape2-expected_shape2]" time="0.001" /><testcase classname="tests.test_interface" name="test_flatten[defer-array_shape3-expected_shape3]" time="0.000" /><testcase classname="tests.test_interface" name="test_flatten[defer-array_shape4-expected_shape4]" time="0.001" /><testcase classname="tests.test_interface" name="test_flatten[defer-array_shape5-expected_shape5]" time="0.001" /><testcase classname="tests.test_issues" name="mypy" time="0.001" /><testcase classname="tests.test_issues" name="test_issue_64" time="0.001" /><testcase classname="tests.test_issues" name="test_issue_50" time="0.001" /><testcase classname="tests.test_logic_compiler" name="mypy" time="0.001" /><testcase classname="tests.test_logic_compiler" name="test_logic_compiler" time="0.003" /><testcase classname="tests.test_logic_interpreter" name="mypy" time="0.001" /><testcase classname="tests.test_logic_interpreter" name="test_matrix_multiplication[a0-b0]" time="0.001" /><testcase classname="tests.test_logic_interpreter" name="test_matrix_multiplication[a1-b1]" time="0.001" /><testcase classname="tests.test_notation_compiler" name="mypy" time="0.001" /><testcase classname="tests.test_notation_compiler" name="test_matrix_multiplication[a0-b0]" time="0.012" /><testcase classname="tests.test_notation_compiler" name="test_matrix_multiplication[a1-b1]" time="0.006" /><testcase classname="tests.test_notation_compiler" name="test_matrix_multiplication_regression" time="0.005" /><testcase classname="tests.test_notation_interpreter" name="mypy" time="0.001" /><testcase classname="tests.test_notation_interpreter" name="test_matrix_multiplication[a0-b0]" time="0.002" /><testcase classname="tests.test_notation_interpreter" name="test_matrix_multiplication[a1-b1]" time="0.002" /><testcase classname="tests.test_notation_interpreter" name="test_count_nonfill_vector[a0]" time="0.001" /><testcase classname="tests.test_notation_interpreter" name="test_count_nonfill_vector[a1]" time="0.000" /><testcase classname="tests.test_notation_interpreter" name="test_count_nonfill_vector[a2]" time="0.000" /><testcase classname="tests.test_notation_interpreter" name="test_count_nonfill_matrix[a0]" time="0.002" /><testcase classname="tests.test_notation_interpreter" name="test_count_nonfill_matrix[a1]" time="0.001" /><testcase classname="tests.test_notation_interpreter" name="test_count_nonfill_matrix[a2]" time="0.001" /><testcase classname="tests.test_notation_interpreter" name="test_count_nonfill_3d[a0]" time="0.006" /><testcase classname="tests.test_notation_interpreter" name="test_count_nonfill_3d[a1]" time="0.006" /><testcase classname="tests.test_notation_interpreter" name="test_count_nonfill_3d[a2]" time="0.006" /><testcase classname="tests.test_notation_interpreter" name="test_count_nonfill_4d[a0]" time="0.006" /><testcase classname="tests.test_notation_interpreter" name="test_count_nonfill_4d[a1]" time="0.008" /><testcase classname="tests.test_notation_interpreter" name="test_count_nonfill_4d[a2]" time="0.005" /><testcase classname="tests.test_printers" name="mypy" time="0.001" /><testcase classname="tests.test_printers" name="test_log_printer" time="0.002" /><testcase classname="tests.test_printers" name="test_ntn_printer" time="0.001" /><testcase classname="tests.test_printers" name="test_asm_printer_if" time="0.001" /><testcase classname="tests.test_printers" name="test_tagged_asm_printer_if" time="0.001" /><testcase classname="tests.test_printers" name="test_asm_cfg_printer_if" time="0.001" /><testcase classname="tests.test_printers" name="test_asm_printer_dot" time="0.001" /><testcase classname="tests.test_printers" name="test_tagged_asm_printer_dot" time="0.001" /><testcase classname="tests.test_printers" name="test_asm_cfg_printer_dot" time="0.001" /><testcase classname="tests.test_printers" name="test_einsum_printer" time="0.015" /><testcase classname="tests.test_regressions" name="mypy" time="0.001" /><testcase classname="tests.test_regressions" name="test_c_program" time="0.001" /><testcase classname="tests.test_regressions" name="test_file_regression" time="0.001" /><testcase classname="tests.test_regressions" name="test_tree_regression" time="0.001" /><testcase classname="tests.test_scheduler" name="mypy" time="0.001" /><testcase classname="tests.test_scheduler" name="test_propagate_map_queries" time="0.000" /><testcase classname="tests.test_scheduler" name="test_lift_subqueries" time="0.000" /><testcase classname="tests.test_scheduler" name="test_propagate_fields" time="0.000" /><testcase classname="tests.test_scheduler" name="test_isolate_passes[node0-isolate_aggregates]" time="0.000" /><testcase classname="tests.test_scheduler" name="test_isolate_passes[node1-isolate_reformats]" time="0.000" /><testcase classname="tests.test_scheduler" name="test_isolate_passes[node2-isolate_tables]" time="0.000" /><testcase classname="tests.test_scheduler" name="test_pretty_labels" time="0.000" /><testcase classname="tests.test_scheduler" name="test_push_fields" time="0.001" /><testcase classname="tests.test_scheduler" name="test_propagate_copy_queries" time="0.000" /><testcase classname="tests.test_scheduler" name="test_propagate_into_reformats" time="0.001" /><testcase classname="tests.test_scheduler" name="test_propagate_transpose_queries" time="0.000" /><testcase classname="tests.test_scheduler" name="test_lift_fields" time="0.000" /><testcase classname="tests.test_scheduler" name="test_normalize_names" time="0.001" /><testcase classname="tests.test_scheduler" name="test_concordize" time="0.001" /><testcase classname="tests.test_scheduler" name="test_flatten_plans" time="0.000" /><testcase classname="tests.test_scheduler" name="test_propagate_map_queries_backward" time="0.001" /><testcase classname="tests.test_scheduler" name="test_materialize_squeeze_expand_productions" time="0.000" /><testcase classname="tests.test_scheduler" name="test_set_loop_order" time="0.000" /><testcase classname="tests.test_scheduler" name="test_scheduler_e2e_matmul[a0-b0]" time="0.008" /><testcase classname="tests.test_scheduler" name="test_scheduler_e2e_matmul[a1-b1]" time="0.007" /><testcase classname="tests.test_scheduler" name="test_scheduler_e2e_sddmm" time="0.010" /><testcase classname="tests.test_tensor" name="mypy" time="0.001" /><testcase classname="tests.test_tensor" name="test_fiber_tensor_attributes" time="0.000" /><testcase classname="tests.test_utils" name="mypy" time="0.001" /><testcase classname="tests.test_utils" name="test_intersect" time="0.000" /><testcase classname="tests.test_utils" name="test_with_subsequence" time="0.000" /><testcase classname="tests.test_utils" name="test_is_subsequence" time="0.000" /><testcase classname="tests.scripts.safebufferaccess" name="mypy" time="0.001" /></testsuite></testsuites>